{"/home/arun99/Documents/nodejsapps/nodeRandomTests/wellnezmongoapi/index.js": {"path":"/home/arun99/Documents/nodejsapps/nodeRandomTests/wellnezmongoapi/index.js","statementMap":{"0":{"start":{"line":1,"column":17},"end":{"line":1,"column":36}},"1":{"start":{"line":2,"column":16},"end":{"line":2,"column":34}},"2":{"start":{"line":3,"column":16},"end":{"line":3,"column":34}},"3":{"start":{"line":4,"column":0},"end":{"line":4,"column":32}},"4":{"start":{"line":5,"column":12},"end":{"line":5,"column":21}},"5":{"start":{"line":7,"column":0},"end":{"line":7,"column":31}},"6":{"start":{"line":8,"column":0},"end":{"line":8,"column":26}},"7":{"start":{"line":9,"column":0},"end":{"line":9,"column":32}},"8":{"start":{"line":10,"column":0},"end":{"line":10,"column":33}},"9":{"start":{"line":12,"column":13},"end":{"line":12,"column":37}},"10":{"start":{"line":13,"column":15},"end":{"line":15,"column":2}},"11":{"start":{"line":14,"column":1},"end":{"line":14,"column":42}},"12":{"start":{"line":17,"column":0},"end":{"line":17,"column":24}}},"fnMap":{"0":{"name":"(anonymous_0)","decl":{"start":{"line":13,"column":32},"end":{"line":13,"column":33}},"loc":{"start":{"line":13,"column":38},"end":{"line":15,"column":1}},"line":13}},"branchMap":{"0":{"loc":{"start":{"line":12,"column":13},"end":{"line":12,"column":37}},"type":"binary-expr","locations":[{"start":{"line":12,"column":13},"end":{"line":12,"column":29}},{"start":{"line":12,"column":33},"end":{"line":12,"column":37}}],"line":12}},"s":{"0":3,"1":3,"2":3,"3":3,"4":3,"5":3,"6":3,"7":3,"8":3,"9":3,"10":3,"11":3,"12":3},"f":{"0":3},"b":{"0":[3,3]},"_coverageSchema":"43e27e138ebf9cfc5966b082cf9a028302ed4184","hash":"99b711343b91232df8a905de3e13f072e3281f2c"}
,"/home/arun99/Documents/nodejsapps/nodeRandomTests/wellnezmongoapi/middleware/auth.js": {"path":"/home/arun99/Documents/nodejsapps/nodeRandomTests/wellnezmongoapi/middleware/auth.js","statementMap":{"0":{"start":{"line":1,"column":12},"end":{"line":1,"column":35}},"1":{"start":{"line":2,"column":15},"end":{"line":2,"column":32}},"2":{"start":{"line":5,"column":15},"end":{"line":5,"column":41}},"3":{"start":{"line":6,"column":1},"end":{"line":7,"column":70}},"4":{"start":{"line":7,"column":2},"end":{"line":7,"column":70}},"5":{"start":{"line":9,"column":1},"end":{"line":15,"column":2}},"6":{"start":{"line":10,"column":18},"end":{"line":10,"column":64}},"7":{"start":{"line":11,"column":2},"end":{"line":11,"column":21}},"8":{"start":{"line":12,"column":2},"end":{"line":12,"column":9}},"9":{"start":{"line":14,"column":2},"end":{"line":14,"column":62}},"10":{"start":{"line":18,"column":0},"end":{"line":18,"column":22}}},"fnMap":{"0":{"name":"auth","decl":{"start":{"line":4,"column":9},"end":{"line":4,"column":13}},"loc":{"start":{"line":4,"column":30},"end":{"line":16,"column":1}},"line":4}},"branchMap":{"0":{"loc":{"start":{"line":6,"column":1},"end":{"line":7,"column":70}},"type":"if","locations":[{"start":{"line":6,"column":1},"end":{"line":7,"column":70}},{"start":{"line":6,"column":1},"end":{"line":7,"column":70}}],"line":6}},"s":{"0":3,"1":3,"2":50,"3":50,"4":3,"5":47,"6":47,"7":45,"8":45,"9":2,"10":3},"f":{"0":50},"b":{"0":[3,47]},"_coverageSchema":"43e27e138ebf9cfc5966b082cf9a028302ed4184","hash":"cdf98b89e8850ef9cfa22abb9bc68a850bfe53ed"}
,"/home/arun99/Documents/nodejsapps/nodeRandomTests/wellnezmongoapi/middleware/validate.js": {"path":"/home/arun99/Documents/nodejsapps/nodeRandomTests/wellnezmongoapi/middleware/validate.js","statementMap":{"0":{"start":{"line":1,"column":0},"end":{"line":7,"column":2}},"1":{"start":{"line":2,"column":1},"end":{"line":6,"column":3}},"2":{"start":{"line":3,"column":20},"end":{"line":3,"column":39}},"3":{"start":{"line":4,"column":2},"end":{"line":4,"column":56}},"4":{"start":{"line":4,"column":13},"end":{"line":4,"column":56}},"5":{"start":{"line":5,"column":2},"end":{"line":5,"column":9}}},"fnMap":{"0":{"name":"(anonymous_0)","decl":{"start":{"line":1,"column":17},"end":{"line":1,"column":18}},"loc":{"start":{"line":1,"column":37},"end":{"line":7,"column":1}},"line":1},"1":{"name":"(anonymous_1)","decl":{"start":{"line":2,"column":8},"end":{"line":2,"column":9}},"loc":{"start":{"line":2,"column":33},"end":{"line":6,"column":2}},"line":2}},"branchMap":{"0":{"loc":{"start":{"line":4,"column":2},"end":{"line":4,"column":56}},"type":"if","locations":[{"start":{"line":4,"column":2},"end":{"line":4,"column":56}},{"start":{"line":4,"column":2},"end":{"line":4,"column":56}}],"line":4}},"s":{"0":3,"1":9,"2":39,"3":39,"4":31,"5":8},"f":{"0":9,"1":39},"b":{"0":[31,8]},"_coverageSchema":"43e27e138ebf9cfc5966b082cf9a028302ed4184","hash":"33ddd0f706ba09198ebed2c9a03d4cbbcfbc74b1"}
,"/home/arun99/Documents/nodejsapps/nodeRandomTests/wellnezmongoapi/middleware/validateObjectId.js": {"path":"/home/arun99/Documents/nodejsapps/nodeRandomTests/wellnezmongoapi/middleware/validateObjectId.js","statementMap":{"0":{"start":{"line":1,"column":17},"end":{"line":1,"column":36}},"1":{"start":{"line":3,"column":0},"end":{"line":8,"column":2}},"2":{"start":{"line":4,"column":1},"end":{"line":5,"column":57}},"3":{"start":{"line":5,"column":2},"end":{"line":5,"column":57}},"4":{"start":{"line":7,"column":1},"end":{"line":7,"column":8}}},"fnMap":{"0":{"name":"(anonymous_0)","decl":{"start":{"line":3,"column":17},"end":{"line":3,"column":18}},"loc":{"start":{"line":3,"column":42},"end":{"line":8,"column":1}},"line":3}},"branchMap":{"0":{"loc":{"start":{"line":4,"column":1},"end":{"line":5,"column":57}},"type":"if","locations":[{"start":{"line":4,"column":1},"end":{"line":5,"column":57}},{"start":{"line":4,"column":1},"end":{"line":5,"column":57}}],"line":4}},"s":{"0":3,"1":3,"2":9,"3":2,"4":7},"f":{"0":9},"b":{"0":[2,7]},"_coverageSchema":"43e27e138ebf9cfc5966b082cf9a028302ed4184","hash":"fcc5eeecb6d200ca31e2e76985c6a26136458782"}
,"/home/arun99/Documents/nodejsapps/nodeRandomTests/wellnezmongoapi/model/article.js": {"path":"/home/arun99/Documents/nodejsapps/nodeRandomTests/wellnezmongoapi/model/article.js","statementMap":{"0":{"start":{"line":1,"column":17},"end":{"line":1,"column":36}},"1":{"start":{"line":2,"column":27},"end":{"line":2,"column":48}},"2":{"start":{"line":3,"column":12},"end":{"line":3,"column":32}},"3":{"start":{"line":5,"column":22},"end":{"line":38,"column":2}},"4":{"start":{"line":41,"column":16},"end":{"line":71,"column":3}},"5":{"start":{"line":73,"column":17},"end":{"line":73,"column":76}},"6":{"start":{"line":75,"column":1},"end":{"line":75,"column":34}},"7":{"start":{"line":78,"column":16},"end":{"line":78,"column":56}},"8":{"start":{"line":80,"column":0},"end":{"line":80,"column":26}},"9":{"start":{"line":81,"column":0},"end":{"line":81,"column":42}}},"fnMap":{"0":{"name":"validateArticle","decl":{"start":{"line":40,"column":9},"end":{"line":40,"column":24}},"loc":{"start":{"line":40,"column":34},"end":{"line":76,"column":1}},"line":40}},"branchMap":{"0":{"loc":{"start":{"line":73,"column":17},"end":{"line":73,"column":76}},"type":"cond-expr","locations":[{"start":{"line":73,"column":42},"end":{"line":73,"column":67}},{"start":{"line":73,"column":70},"end":{"line":73,"column":76}}],"line":73}},"s":{"0":3,"1":3,"2":3,"3":3,"4":28,"5":28,"6":28,"7":3,"8":3,"9":3},"f":{"0":28},"b":{"0":[0,28]},"_coverageSchema":"43e27e138ebf9cfc5966b082cf9a028302ed4184","hash":"e4b6848cc04019ea7c4a291a5c951d8d76d1dc06"}
,"/home/arun99/Documents/nodejsapps/nodeRandomTests/wellnezmongoapi/model/category.js": {"path":"/home/arun99/Documents/nodejsapps/nodeRandomTests/wellnezmongoapi/model/category.js","statementMap":{"0":{"start":{"line":1,"column":17},"end":{"line":1,"column":36}},"1":{"start":{"line":2,"column":12},"end":{"line":2,"column":32}},"2":{"start":{"line":4,"column":23},"end":{"line":17,"column":2}},"3":{"start":{"line":20,"column":16},"end":{"line":32,"column":3}},"4":{"start":{"line":34,"column":17},"end":{"line":36,"column":10}},"5":{"start":{"line":38,"column":1},"end":{"line":38,"column":35}},"6":{"start":{"line":41,"column":17},"end":{"line":41,"column":59}},"7":{"start":{"line":43,"column":0},"end":{"line":43,"column":28}},"8":{"start":{"line":44,"column":0},"end":{"line":44,"column":40}},"9":{"start":{"line":45,"column":0},"end":{"line":45,"column":36}}},"fnMap":{"0":{"name":"validateCategory","decl":{"start":{"line":19,"column":9},"end":{"line":19,"column":25}},"loc":{"start":{"line":19,"column":36},"end":{"line":39,"column":1}},"line":19}},"branchMap":{"0":{"loc":{"start":{"line":34,"column":17},"end":{"line":36,"column":10}},"type":"cond-expr","locations":[{"start":{"line":35,"column":4},"end":{"line":35,"column":29}},{"start":{"line":36,"column":4},"end":{"line":36,"column":10}}],"line":34}},"s":{"0":3,"1":3,"2":3,"3":12,"4":12,"5":12,"6":3,"7":3,"8":3,"9":3},"f":{"0":12},"b":{"0":[0,12]},"_coverageSchema":"43e27e138ebf9cfc5966b082cf9a028302ed4184","hash":"26796245d9af98cc9ab43d2ae35fe91985a8ec40"}
,"/home/arun99/Documents/nodejsapps/nodeRandomTests/wellnezmongoapi/model/user.js": {"path":"/home/arun99/Documents/nodejsapps/nodeRandomTests/wellnezmongoapi/model/user.js","statementMap":{"0":{"start":{"line":1,"column":17},"end":{"line":1,"column":36}},"1":{"start":{"line":2,"column":12},"end":{"line":2,"column":35}},"2":{"start":{"line":3,"column":12},"end":{"line":3,"column":32}},"3":{"start":{"line":4,"column":15},"end":{"line":4,"column":32}},"4":{"start":{"line":6,"column":19},"end":{"line":24,"column":2}},"5":{"start":{"line":27,"column":16},"end":{"line":39,"column":3}},"6":{"start":{"line":41,"column":1},"end":{"line":41,"column":30}},"7":{"start":{"line":44,"column":0},"end":{"line":50,"column":2}},"8":{"start":{"line":45,"column":15},"end":{"line":48,"column":2}},"9":{"start":{"line":49,"column":1},"end":{"line":49,"column":14}},"10":{"start":{"line":52,"column":13},"end":{"line":52,"column":47}},"11":{"start":{"line":54,"column":0},"end":{"line":54,"column":20}},"12":{"start":{"line":55,"column":0},"end":{"line":55,"column":36}}},"fnMap":{"0":{"name":"validateUser","decl":{"start":{"line":26,"column":9},"end":{"line":26,"column":21}},"loc":{"start":{"line":26,"column":28},"end":{"line":42,"column":1}},"line":26},"1":{"name":"(anonymous_1)","decl":{"start":{"line":44,"column":39},"end":{"line":44,"column":40}},"loc":{"start":{"line":44,"column":50},"end":{"line":50,"column":1}},"line":44}},"branchMap":{},"s":{"0":3,"1":3,"2":3,"3":3,"4":3,"5":11,"6":11,"7":3,"8":52,"9":52,"10":3,"11":3,"12":3},"f":{"0":11,"1":52},"b":{},"_coverageSchema":"43e27e138ebf9cfc5966b082cf9a028302ed4184","hash":"3c333068465fff1cef74f703e47c7c9c7309e682"}
,"/home/arun99/Documents/nodejsapps/nodeRandomTests/wellnezmongoapi/routes/articles.js": {"path":"/home/arun99/Documents/nodejsapps/nodeRandomTests/wellnezmongoapi/routes/articles.js","statementMap":{"0":{"start":{"line":1,"column":17},"end":{"line":1,"column":36}},"1":{"start":{"line":2,"column":16},"end":{"line":2,"column":34}},"2":{"start":{"line":3,"column":15},"end":{"line":3,"column":31}},"3":{"start":{"line":4,"column":25},"end":{"line":4,"column":66}},"4":{"start":{"line":5,"column":13},"end":{"line":5,"column":42}},"5":{"start":{"line":6,"column":17},"end":{"line":6,"column":50}},"6":{"start":{"line":7,"column":37},"end":{"line":7,"column":64}},"7":{"start":{"line":8,"column":21},"end":{"line":8,"column":49}},"8":{"start":{"line":9,"column":10},"end":{"line":9,"column":27}},"9":{"start":{"line":11,"column":0},"end":{"line":15,"column":3}},"10":{"start":{"line":12,"column":18},"end":{"line":12,"column":40}},"11":{"start":{"line":14,"column":1},"end":{"line":14,"column":20}},"12":{"start":{"line":17,"column":0},"end":{"line":59,"column":3}},"13":{"start":{"line":18,"column":18},"end":{"line":18,"column":62}},"14":{"start":{"line":19,"column":1},"end":{"line":19,"column":71}},"15":{"start":{"line":19,"column":16},"end":{"line":19,"column":71}},"16":{"start":{"line":21,"column":17},"end":{"line":48,"column":2}},"17":{"start":{"line":50,"column":1},"end":{"line":54,"column":3}},"18":{"start":{"line":56,"column":1},"end":{"line":56,"column":22}},"19":{"start":{"line":58,"column":1},"end":{"line":58,"column":19}},"20":{"start":{"line":61,"column":0},"end":{"line":98,"column":2}},"21":{"start":{"line":65,"column":18},"end":{"line":94,"column":3}},"22":{"start":{"line":96,"column":2},"end":{"line":96,"column":20}},"23":{"start":{"line":100,"column":0},"end":{"line":107,"column":3}},"24":{"start":{"line":101,"column":17},"end":{"line":101,"column":54}},"25":{"start":{"line":103,"column":1},"end":{"line":104,"column":70}},"26":{"start":{"line":104,"column":2},"end":{"line":104,"column":70}},"27":{"start":{"line":106,"column":1},"end":{"line":106,"column":19}},"28":{"start":{"line":109,"column":0},"end":{"line":118,"column":3}},"29":{"start":{"line":110,"column":17},"end":{"line":110,"column":63}},"30":{"start":{"line":112,"column":1},"end":{"line":115,"column":55}},"31":{"start":{"line":113,"column":2},"end":{"line":115,"column":55}},"32":{"start":{"line":117,"column":1},"end":{"line":117,"column":19}},"33":{"start":{"line":120,"column":0},"end":{"line":120,"column":24}}},"fnMap":{"0":{"name":"(anonymous_0)","decl":{"start":{"line":11,"column":16},"end":{"line":11,"column":17}},"loc":{"start":{"line":11,"column":42},"end":{"line":15,"column":1}},"line":11},"1":{"name":"(anonymous_1)","decl":{"start":{"line":17,"column":52},"end":{"line":17,"column":53}},"loc":{"start":{"line":17,"column":78},"end":{"line":59,"column":1}},"line":17},"2":{"name":"(anonymous_2)","decl":{"start":{"line":64,"column":1},"end":{"line":64,"column":2}},"loc":{"start":{"line":64,"column":27},"end":{"line":97,"column":2}},"line":64},"3":{"name":"(anonymous_3)","decl":{"start":{"line":100,"column":37},"end":{"line":100,"column":38}},"loc":{"start":{"line":100,"column":63},"end":{"line":107,"column":1}},"line":100},"4":{"name":"(anonymous_4)","decl":{"start":{"line":109,"column":48},"end":{"line":109,"column":49}},"loc":{"start":{"line":109,"column":74},"end":{"line":118,"column":1}},"line":109}},"branchMap":{"0":{"loc":{"start":{"line":19,"column":1},"end":{"line":19,"column":71}},"type":"if","locations":[{"start":{"line":19,"column":1},"end":{"line":19,"column":71}},{"start":{"line":19,"column":1},"end":{"line":19,"column":71}}],"line":19},"1":{"loc":{"start":{"line":103,"column":1},"end":{"line":104,"column":70}},"type":"if","locations":[{"start":{"line":103,"column":1},"end":{"line":104,"column":70}},{"start":{"line":103,"column":1},"end":{"line":104,"column":70}}],"line":103},"2":{"loc":{"start":{"line":112,"column":1},"end":{"line":115,"column":55}},"type":"if","locations":[{"start":{"line":112,"column":1},"end":{"line":115,"column":55}},{"start":{"line":112,"column":1},"end":{"line":115,"column":55}}],"line":112}},"s":{"0":3,"1":3,"2":3,"3":3,"4":3,"5":3,"6":3,"7":3,"8":3,"9":3,"10":1,"11":1,"12":3,"13":3,"14":3,"15":1,"16":2,"17":2,"18":2,"19":2,"20":3,"21":2,"22":2,"23":3,"24":2,"25":2,"26":1,"27":1,"28":3,"29":3,"30":3,"31":1,"32":2,"33":3},"f":{"0":1,"1":3,"2":2,"3":2,"4":3},"b":{"0":[1,2],"1":[1,1],"2":[1,2]},"_coverageSchema":"43e27e138ebf9cfc5966b082cf9a028302ed4184","hash":"2a08e98ff58b7219b86dcc6888c310cacca0e7ba"}
,"/home/arun99/Documents/nodejsapps/nodeRandomTests/wellnezmongoapi/routes/categories.js": {"path":"/home/arun99/Documents/nodejsapps/nodeRandomTests/wellnezmongoapi/routes/categories.js","statementMap":{"0":{"start":{"line":1,"column":17},"end":{"line":1,"column":36}},"1":{"start":{"line":2,"column":16},"end":{"line":2,"column":34}},"2":{"start":{"line":3,"column":15},"end":{"line":3,"column":31}},"3":{"start":{"line":4,"column":13},"end":{"line":4,"column":42}},"4":{"start":{"line":5,"column":31},"end":{"line":5,"column":59}},"5":{"start":{"line":6,"column":10},"end":{"line":6,"column":27}},"6":{"start":{"line":8,"column":0},"end":{"line":12,"column":3}},"7":{"start":{"line":9,"column":20},"end":{"line":9,"column":43}},"8":{"start":{"line":11,"column":1},"end":{"line":11,"column":22}},"9":{"start":{"line":14,"column":0},"end":{"line":25,"column":3}},"10":{"start":{"line":15,"column":19},"end":{"line":15,"column":37}},"11":{"start":{"line":16,"column":1},"end":{"line":16,"column":47}},"12":{"start":{"line":16,"column":12},"end":{"line":16,"column":47}},"13":{"start":{"line":18,"column":18},"end":{"line":20,"column":2}},"14":{"start":{"line":22,"column":1},"end":{"line":22,"column":23}},"15":{"start":{"line":24,"column":1},"end":{"line":24,"column":20}},"16":{"start":{"line":27,"column":0},"end":{"line":44,"column":3}},"17":{"start":{"line":28,"column":19},"end":{"line":28,"column":37}},"18":{"start":{"line":29,"column":1},"end":{"line":29,"column":55}},"19":{"start":{"line":29,"column":12},"end":{"line":29,"column":55}},"20":{"start":{"line":31,"column":20},"end":{"line":41,"column":2}},"21":{"start":{"line":43,"column":1},"end":{"line":43,"column":22}},"22":{"start":{"line":46,"column":0},"end":{"line":53,"column":3}},"23":{"start":{"line":47,"column":1},"end":{"line":48,"column":44}},"24":{"start":{"line":48,"column":2},"end":{"line":48,"column":44}},"25":{"start":{"line":50,"column":20},"end":{"line":50,"column":67}},"26":{"start":{"line":52,"column":1},"end":{"line":52,"column":22}},"27":{"start":{"line":55,"column":0},"end":{"line":67,"column":3}},"28":{"start":{"line":56,"column":1},"end":{"line":57,"column":44}},"29":{"start":{"line":57,"column":2},"end":{"line":57,"column":44}},"30":{"start":{"line":59,"column":18},"end":{"line":59,"column":56}},"31":{"start":{"line":61,"column":1},"end":{"line":64,"column":54}},"32":{"start":{"line":62,"column":2},"end":{"line":64,"column":54}},"33":{"start":{"line":66,"column":1},"end":{"line":66,"column":20}},"34":{"start":{"line":69,"column":0},"end":{"line":69,"column":24}}},"fnMap":{"0":{"name":"(anonymous_0)","decl":{"start":{"line":8,"column":16},"end":{"line":8,"column":17}},"loc":{"start":{"line":8,"column":42},"end":{"line":12,"column":1}},"line":8},"1":{"name":"(anonymous_1)","decl":{"start":{"line":14,"column":23},"end":{"line":14,"column":24}},"loc":{"start":{"line":14,"column":49},"end":{"line":25,"column":1}},"line":14},"2":{"name":"(anonymous_2)","decl":{"start":{"line":27,"column":25},"end":{"line":27,"column":26}},"loc":{"start":{"line":27,"column":51},"end":{"line":44,"column":1}},"line":27},"3":{"name":"(anonymous_3)","decl":{"start":{"line":46,"column":22},"end":{"line":46,"column":23}},"loc":{"start":{"line":46,"column":48},"end":{"line":53,"column":1}},"line":46},"4":{"name":"(anonymous_4)","decl":{"start":{"line":55,"column":19},"end":{"line":55,"column":20}},"loc":{"start":{"line":55,"column":45},"end":{"line":67,"column":1}},"line":55}},"branchMap":{"0":{"loc":{"start":{"line":16,"column":1},"end":{"line":16,"column":47}},"type":"if","locations":[{"start":{"line":16,"column":1},"end":{"line":16,"column":47}},{"start":{"line":16,"column":1},"end":{"line":16,"column":47}}],"line":16},"1":{"loc":{"start":{"line":29,"column":1},"end":{"line":29,"column":55}},"type":"if","locations":[{"start":{"line":29,"column":1},"end":{"line":29,"column":55}},{"start":{"line":29,"column":1},"end":{"line":29,"column":55}}],"line":29},"2":{"loc":{"start":{"line":47,"column":1},"end":{"line":48,"column":44}},"type":"if","locations":[{"start":{"line":47,"column":1},"end":{"line":48,"column":44}},{"start":{"line":47,"column":1},"end":{"line":48,"column":44}}],"line":47},"3":{"loc":{"start":{"line":56,"column":1},"end":{"line":57,"column":44}},"type":"if","locations":[{"start":{"line":56,"column":1},"end":{"line":57,"column":44}},{"start":{"line":56,"column":1},"end":{"line":57,"column":44}}],"line":56},"4":{"loc":{"start":{"line":61,"column":1},"end":{"line":64,"column":54}},"type":"if","locations":[{"start":{"line":61,"column":1},"end":{"line":64,"column":54}},{"start":{"line":61,"column":1},"end":{"line":64,"column":54}}],"line":61}},"s":{"0":3,"1":3,"2":3,"3":3,"4":3,"5":3,"6":3,"7":1,"8":1,"9":3,"10":6,"11":6,"12":4,"13":2,"14":2,"15":2,"16":3,"17":6,"18":6,"19":4,"20":2,"21":2,"22":3,"23":3,"24":1,"25":2,"26":2,"27":3,"28":3,"29":1,"30":2,"31":2,"32":1,"33":1,"34":3},"f":{"0":1,"1":6,"2":6,"3":3,"4":3},"b":{"0":[4,2],"1":[4,2],"2":[1,2],"3":[1,2],"4":[1,1]},"_coverageSchema":"43e27e138ebf9cfc5966b082cf9a028302ed4184","hash":"f60813707616ca0c74b016328a0280d877d3e371"}
,"/home/arun99/Documents/nodejsapps/nodeRandomTests/wellnezmongoapi/routes/users.js": {"path":"/home/arun99/Documents/nodejsapps/nodeRandomTests/wellnezmongoapi/routes/users.js","statementMap":{"0":{"start":{"line":1,"column":17},"end":{"line":1,"column":36}},"1":{"start":{"line":2,"column":16},"end":{"line":2,"column":34}},"2":{"start":{"line":3,"column":15},"end":{"line":3,"column":32}},"3":{"start":{"line":4,"column":10},"end":{"line":4,"column":27}},"4":{"start":{"line":5,"column":13},"end":{"line":5,"column":42}},"5":{"start":{"line":6,"column":17},"end":{"line":6,"column":50}},"6":{"start":{"line":7,"column":31},"end":{"line":7,"column":55}},"7":{"start":{"line":8,"column":15},"end":{"line":8,"column":31}},"8":{"start":{"line":10,"column":0},"end":{"line":13,"column":3}},"9":{"start":{"line":11,"column":14},"end":{"line":11,"column":67}},"10":{"start":{"line":12,"column":1},"end":{"line":12,"column":16}},"11":{"start":{"line":14,"column":0},"end":{"line":30,"column":3}},"12":{"start":{"line":15,"column":12},"end":{"line":15,"column":57}},"13":{"start":{"line":16,"column":1},"end":{"line":17,"column":69}},"14":{"start":{"line":17,"column":2},"end":{"line":17,"column":69}},"15":{"start":{"line":19,"column":1},"end":{"line":19,"column":66}},"16":{"start":{"line":21,"column":14},"end":{"line":21,"column":38}},"17":{"start":{"line":22,"column":1},"end":{"line":22,"column":56}},"18":{"start":{"line":23,"column":1},"end":{"line":23,"column":19}},"19":{"start":{"line":25,"column":15},"end":{"line":25,"column":39}},"20":{"start":{"line":26,"column":1},"end":{"line":28,"column":3}},"21":{"start":{"line":32,"column":0},"end":{"line":32,"column":24}}},"fnMap":{"0":{"name":"(anonymous_0)","decl":{"start":{"line":10,"column":24},"end":{"line":10,"column":25}},"loc":{"start":{"line":10,"column":50},"end":{"line":13,"column":1}},"line":10},"1":{"name":"(anonymous_1)","decl":{"start":{"line":14,"column":41},"end":{"line":14,"column":42}},"loc":{"start":{"line":14,"column":67},"end":{"line":30,"column":1}},"line":14}},"branchMap":{"0":{"loc":{"start":{"line":16,"column":1},"end":{"line":17,"column":69}},"type":"if","locations":[{"start":{"line":16,"column":1},"end":{"line":17,"column":69}},{"start":{"line":16,"column":1},"end":{"line":17,"column":69}}],"line":16}},"s":{"0":3,"1":3,"2":3,"3":3,"4":3,"5":3,"6":3,"7":3,"8":3,"9":1,"10":1,"11":3,"12":3,"13":3,"14":1,"15":2,"16":2,"17":2,"18":2,"19":2,"20":2,"21":3},"f":{"0":1,"1":3},"b":{"0":[1,2]},"_coverageSchema":"43e27e138ebf9cfc5966b082cf9a028302ed4184","hash":"dd844c5627cd665795787f44650e08d3a961dafb"}
,"/home/arun99/Documents/nodejsapps/nodeRandomTests/wellnezmongoapi/startup/db.js": {"path":"/home/arun99/Documents/nodejsapps/nodeRandomTests/wellnezmongoapi/startup/db.js","statementMap":{"0":{"start":{"line":1,"column":17},"end":{"line":1,"column":36}},"1":{"start":{"line":2,"column":16},"end":{"line":2,"column":34}},"2":{"start":{"line":5,"column":0},"end":{"line":23,"column":2}},"3":{"start":{"line":8,"column":10},"end":{"line":8,"column":42}},"4":{"start":{"line":9,"column":1},"end":{"line":10,"column":45}},"5":{"start":{"line":10,"column":2},"end":{"line":10,"column":45}},"6":{"start":{"line":12,"column":1},"end":{"line":18,"column":35}},"7":{"start":{"line":17,"column":14},"end":{"line":17,"column":56}},"8":{"start":{"line":18,"column":17},"end":{"line":18,"column":33}},"9":{"start":{"line":22,"column":1},"end":{"line":22,"column":38}}},"fnMap":{"0":{"name":"(anonymous_0)","decl":{"start":{"line":5,"column":17},"end":{"line":5,"column":18}},"loc":{"start":{"line":5,"column":26},"end":{"line":23,"column":1}},"line":5},"1":{"name":"(anonymous_1)","decl":{"start":{"line":17,"column":8},"end":{"line":17,"column":9}},"loc":{"start":{"line":17,"column":14},"end":{"line":17,"column":56}},"line":17},"2":{"name":"(anonymous_2)","decl":{"start":{"line":18,"column":9},"end":{"line":18,"column":10}},"loc":{"start":{"line":18,"column":17},"end":{"line":18,"column":33}},"line":18}},"branchMap":{"0":{"loc":{"start":{"line":9,"column":1},"end":{"line":10,"column":45}},"type":"if","locations":[{"start":{"line":9,"column":1},"end":{"line":10,"column":45}},{"start":{"line":9,"column":1},"end":{"line":10,"column":45}}],"line":9}},"s":{"0":3,"1":3,"2":3,"3":3,"4":3,"5":3,"6":3,"7":3,"8":0,"9":3},"f":{"0":3,"1":3,"2":0},"b":{"0":[3,0]},"_coverageSchema":"43e27e138ebf9cfc5966b082cf9a028302ed4184","hash":"539d736422c6ae48ca004261833095e0da9f7a90"}
,"/home/arun99/Documents/nodejsapps/nodeRandomTests/wellnezmongoapi/startup/logging.js": {"path":"/home/arun99/Documents/nodejsapps/nodeRandomTests/wellnezmongoapi/startup/logging.js","statementMap":{"0":{"start":{"line":1,"column":16},"end":{"line":1,"column":34}},"1":{"start":{"line":3,"column":0},"end":{"line":15,"column":2}},"2":{"start":{"line":4,"column":1},"end":{"line":6,"column":4}},"3":{"start":{"line":7,"column":1},"end":{"line":10,"column":3}},"4":{"start":{"line":12,"column":1},"end":{"line":14,"column":4}},"5":{"start":{"line":13,"column":2},"end":{"line":13,"column":11}}},"fnMap":{"0":{"name":"(anonymous_0)","decl":{"start":{"line":3,"column":17},"end":{"line":3,"column":18}},"loc":{"start":{"line":3,"column":23},"end":{"line":15,"column":1}},"line":3},"1":{"name":"(anonymous_1)","decl":{"start":{"line":12,"column":34},"end":{"line":12,"column":35}},"loc":{"start":{"line":12,"column":42},"end":{"line":14,"column":2}},"line":12}},"branchMap":{},"s":{"0":3,"1":3,"2":3,"3":3,"4":3,"5":0},"f":{"0":3,"1":0},"b":{},"_coverageSchema":"43e27e138ebf9cfc5966b082cf9a028302ed4184","hash":"3fe1860040f05d0df19d1a696d96cc56d9ccd87b"}
,"/home/arun99/Documents/nodejsapps/nodeRandomTests/wellnezmongoapi/startup/routes.js": {"path":"/home/arun99/Documents/nodejsapps/nodeRandomTests/wellnezmongoapi/startup/routes.js","statementMap":{"0":{"start":{"line":1,"column":16},"end":{"line":1,"column":34}},"1":{"start":{"line":2,"column":19},"end":{"line":2,"column":50}},"2":{"start":{"line":3,"column":17},"end":{"line":3,"column":46}},"3":{"start":{"line":4,"column":14},"end":{"line":4,"column":40}},"4":{"start":{"line":6,"column":0},"end":{"line":12,"column":2}},"5":{"start":{"line":7,"column":1},"end":{"line":7,"column":25}},"6":{"start":{"line":9,"column":1},"end":{"line":9,"column":40}},"7":{"start":{"line":10,"column":1},"end":{"line":10,"column":36}},"8":{"start":{"line":11,"column":1},"end":{"line":11,"column":30}}},"fnMap":{"0":{"name":"(anonymous_0)","decl":{"start":{"line":6,"column":17},"end":{"line":6,"column":18}},"loc":{"start":{"line":6,"column":26},"end":{"line":12,"column":1}},"line":6}},"branchMap":{},"s":{"0":3,"1":3,"2":3,"3":3,"4":3,"5":3,"6":3,"7":3,"8":3},"f":{"0":3},"b":{},"_coverageSchema":"43e27e138ebf9cfc5966b082cf9a028302ed4184","hash":"28096653d3de7e1905ad2b84937103de3b98fe29"}
,"/home/arun99/Documents/nodejsapps/nodeRandomTests/wellnezmongoapi/startup/validate.js": {"path":"/home/arun99/Documents/nodejsapps/nodeRandomTests/wellnezmongoapi/startup/validate.js","statementMap":{"0":{"start":{"line":1,"column":12},"end":{"line":1,"column":32}},"1":{"start":{"line":3,"column":0},"end":{"line":5,"column":2}},"2":{"start":{"line":4,"column":1},"end":{"line":4,"column":45}}},"fnMap":{"0":{"name":"(anonymous_0)","decl":{"start":{"line":3,"column":17},"end":{"line":3,"column":18}},"loc":{"start":{"line":3,"column":28},"end":{"line":5,"column":1}},"line":3}},"branchMap":{},"s":{"0":3,"1":3,"2":3},"f":{"0":3},"b":{},"_coverageSchema":"43e27e138ebf9cfc5966b082cf9a028302ed4184","hash":"bde911a2d372666923535d4a268721a85f8a5658"}
}
