{"/home/arun99/Documents/nodejsapps/nodeRandomTests/wellnezv6/api/index.js": {"path":"/home/arun99/Documents/nodejsapps/nodeRandomTests/wellnezv6/api/index.js","statementMap":{"0":{"start":{"line":1,"column":17},"end":{"line":1,"column":36}},"1":{"start":{"line":2,"column":16},"end":{"line":2,"column":34}},"2":{"start":{"line":3,"column":16},"end":{"line":3,"column":34}},"3":{"start":{"line":4,"column":0},"end":{"line":4,"column":32}},"4":{"start":{"line":5,"column":12},"end":{"line":5,"column":21}},"5":{"start":{"line":7,"column":0},"end":{"line":7,"column":31}},"6":{"start":{"line":8,"column":0},"end":{"line":8,"column":31}},"7":{"start":{"line":9,"column":0},"end":{"line":9,"column":26}},"8":{"start":{"line":10,"column":0},"end":{"line":10,"column":32}},"9":{"start":{"line":11,"column":0},"end":{"line":11,"column":33}},"10":{"start":{"line":13,"column":13},"end":{"line":13,"column":37}},"11":{"start":{"line":14,"column":15},"end":{"line":16,"column":2}},"12":{"start":{"line":15,"column":1},"end":{"line":15,"column":42}},"13":{"start":{"line":18,"column":0},"end":{"line":18,"column":24}}},"fnMap":{"0":{"name":"(anonymous_0)","decl":{"start":{"line":14,"column":32},"end":{"line":14,"column":33}},"loc":{"start":{"line":14,"column":38},"end":{"line":16,"column":1}},"line":14}},"branchMap":{"0":{"loc":{"start":{"line":13,"column":13},"end":{"line":13,"column":37}},"type":"binary-expr","locations":[{"start":{"line":13,"column":13},"end":{"line":13,"column":29}},{"start":{"line":13,"column":33},"end":{"line":13,"column":37}}],"line":13}},"s":{"0":3,"1":3,"2":3,"3":3,"4":3,"5":3,"6":3,"7":3,"8":3,"9":3,"10":0,"11":0,"12":0,"13":0},"f":{"0":0},"b":{"0":[0,0]},"_coverageSchema":"43e27e138ebf9cfc5966b082cf9a028302ed4184","hash":"a0ce24d9be2fe09bb96b70588701ac67e0c68f08"}
,"/home/arun99/Documents/nodejsapps/nodeRandomTests/wellnezv6/api/middleware/auth.js": {"path":"/home/arun99/Documents/nodejsapps/nodeRandomTests/wellnezv6/api/middleware/auth.js","statementMap":{"0":{"start":{"line":1,"column":12},"end":{"line":1,"column":35}},"1":{"start":{"line":2,"column":15},"end":{"line":2,"column":32}},"2":{"start":{"line":5,"column":15},"end":{"line":5,"column":41}},"3":{"start":{"line":6,"column":1},"end":{"line":7,"column":70}},"4":{"start":{"line":7,"column":2},"end":{"line":7,"column":70}},"5":{"start":{"line":9,"column":1},"end":{"line":15,"column":2}},"6":{"start":{"line":10,"column":18},"end":{"line":10,"column":64}},"7":{"start":{"line":11,"column":2},"end":{"line":11,"column":21}},"8":{"start":{"line":12,"column":2},"end":{"line":12,"column":9}},"9":{"start":{"line":14,"column":2},"end":{"line":14,"column":62}},"10":{"start":{"line":18,"column":0},"end":{"line":18,"column":22}}},"fnMap":{"0":{"name":"auth","decl":{"start":{"line":4,"column":9},"end":{"line":4,"column":13}},"loc":{"start":{"line":4,"column":30},"end":{"line":16,"column":1}},"line":4}},"branchMap":{"0":{"loc":{"start":{"line":6,"column":1},"end":{"line":7,"column":70}},"type":"if","locations":[{"start":{"line":6,"column":1},"end":{"line":7,"column":70}},{"start":{"line":6,"column":1},"end":{"line":7,"column":70}}],"line":6}},"s":{"0":3,"1":3,"2":0,"3":0,"4":0,"5":0,"6":0,"7":0,"8":0,"9":0,"10":3},"f":{"0":0},"b":{"0":[0,0]},"_coverageSchema":"43e27e138ebf9cfc5966b082cf9a028302ed4184","hash":"76f57063e081efb268a29891a4801fa14e3363c0"}
,"/home/arun99/Documents/nodejsapps/nodeRandomTests/wellnezv6/api/middleware/uploadImage.js": {"path":"/home/arun99/Documents/nodejsapps/nodeRandomTests/wellnezv6/api/middleware/uploadImage.js","statementMap":{"0":{"start":{"line":1,"column":15},"end":{"line":1,"column":32}},"1":{"start":{"line":2,"column":11},"end":{"line":2,"column":24}},"2":{"start":{"line":3,"column":15},"end":{"line":3,"column":32}},"3":{"start":{"line":5,"column":15},"end":{"line":5,"column":35}},"4":{"start":{"line":6,"column":16},"end":{"line":6,"column":46}},"5":{"start":{"line":8,"column":0},"end":{"line":28,"column":2}},"6":{"start":{"line":9,"column":1},"end":{"line":27,"column":2}},"7":{"start":{"line":10,"column":2},"end":{"line":23,"column":5}},"8":{"start":{"line":11,"column":3},"end":{"line":21,"column":4}},"9":{"start":{"line":13,"column":4},"end":{"line":15,"column":56}},"10":{"start":{"line":16,"column":10},"end":{"line":21,"column":4}},"11":{"start":{"line":18,"column":4},"end":{"line":20,"column":6}},"12":{"start":{"line":22,"column":3},"end":{"line":22,"column":10}},"13":{"start":{"line":25,"column":2},"end":{"line":25,"column":32}},"14":{"start":{"line":26,"column":2},"end":{"line":26,"column":9}},"15":{"start":{"line":32,"column":17},"end":{"line":35,"column":3}},"16":{"start":{"line":37,"column":16},"end":{"line":37,"column":47}},"17":{"start":{"line":38,"column":1},"end":{"line":38,"column":31}},"18":{"start":{"line":42,"column":1},"end":{"line":54,"column":2}},"19":{"start":{"line":47,"column":2},"end":{"line":47,"column":17}},"20":{"start":{"line":49,"column":2},"end":{"line":53,"column":4}},"21":{"start":{"line":58,"column":13},"end":{"line":58,"column":48}},"22":{"start":{"line":60,"column":1},"end":{"line":62,"column":2}},"23":{"start":{"line":61,"column":2},"end":{"line":61,"column":20}},"24":{"start":{"line":64,"column":1},"end":{"line":64,"column":15}},"25":{"start":{"line":68,"column":1},"end":{"line":68,"column":38}},"26":{"start":{"line":69,"column":1},"end":{"line":69,"column":30}},"27":{"start":{"line":70,"column":21},"end":{"line":70,"column":62}},"28":{"start":{"line":72,"column":1},"end":{"line":72,"column":56}},"29":{"start":{"line":74,"column":1},"end":{"line":74,"column":29}}},"fnMap":{"0":{"name":"(anonymous_0)","decl":{"start":{"line":8,"column":17},"end":{"line":8,"column":18}},"loc":{"start":{"line":8,"column":37},"end":{"line":28,"column":1}},"line":8},"1":{"name":"(anonymous_1)","decl":{"start":{"line":10,"column":24},"end":{"line":10,"column":25}},"loc":{"start":{"line":10,"column":38},"end":{"line":23,"column":3}},"line":10},"2":{"name":"uploadImg","decl":{"start":{"line":31,"column":9},"end":{"line":31,"column":18}},"loc":{"start":{"line":31,"column":21},"end":{"line":39,"column":1}},"line":31},"3":{"name":"fileFilter","decl":{"start":{"line":41,"column":9},"end":{"line":41,"column":19}},"loc":{"start":{"line":41,"column":35},"end":{"line":55,"column":1}},"line":41},"4":{"name":"destination","decl":{"start":{"line":57,"column":9},"end":{"line":57,"column":20}},"loc":{"start":{"line":57,"column":36},"end":{"line":65,"column":1}},"line":57},"5":{"name":"filename","decl":{"start":{"line":67,"column":9},"end":{"line":67,"column":17}},"loc":{"start":{"line":67,"column":33},"end":{"line":75,"column":1}},"line":67}},"branchMap":{"0":{"loc":{"start":{"line":11,"column":3},"end":{"line":21,"column":4}},"type":"if","locations":[{"start":{"line":11,"column":3},"end":{"line":21,"column":4}},{"start":{"line":11,"column":3},"end":{"line":21,"column":4}}],"line":11},"1":{"loc":{"start":{"line":16,"column":10},"end":{"line":21,"column":4}},"type":"if","locations":[{"start":{"line":16,"column":10},"end":{"line":21,"column":4}},{"start":{"line":16,"column":10},"end":{"line":21,"column":4}}],"line":16},"2":{"loc":{"start":{"line":42,"column":1},"end":{"line":54,"column":2}},"type":"if","locations":[{"start":{"line":42,"column":1},"end":{"line":54,"column":2}},{"start":{"line":42,"column":1},"end":{"line":54,"column":2}}],"line":42},"3":{"loc":{"start":{"line":43,"column":2},"end":{"line":45,"column":31}},"type":"binary-expr","locations":[{"start":{"line":43,"column":2},"end":{"line":43,"column":32}},{"start":{"line":44,"column":2},"end":{"line":44,"column":31}},{"start":{"line":45,"column":2},"end":{"line":45,"column":31}}],"line":43},"4":{"loc":{"start":{"line":60,"column":1},"end":{"line":62,"column":2}},"type":"if","locations":[{"start":{"line":60,"column":1},"end":{"line":62,"column":2}},{"start":{"line":60,"column":1},"end":{"line":62,"column":2}}],"line":60}},"s":{"0":3,"1":3,"2":3,"3":3,"4":0,"5":0,"6":0,"7":0,"8":0,"9":0,"10":0,"11":0,"12":0,"13":0,"14":0,"15":0,"16":0,"17":0,"18":0,"19":0,"20":0,"21":0,"22":0,"23":0,"24":0,"25":0,"26":0,"27":0,"28":0,"29":0},"f":{"0":0,"1":0,"2":0,"3":0,"4":0,"5":0},"b":{"0":[0,0],"1":[0,0],"2":[0,0],"3":[0,0,0],"4":[0,0]},"_coverageSchema":"43e27e138ebf9cfc5966b082cf9a028302ed4184","hash":"25d91b9fde45c80d57402cc7b863190fc0ee260a"}
,"/home/arun99/Documents/nodejsapps/nodeRandomTests/wellnezv6/api/middleware/validate.js": {"path":"/home/arun99/Documents/nodejsapps/nodeRandomTests/wellnezv6/api/middleware/validate.js","statementMap":{"0":{"start":{"line":1,"column":0},"end":{"line":9,"column":2}},"1":{"start":{"line":2,"column":1},"end":{"line":8,"column":3}},"2":{"start":{"line":3,"column":20},"end":{"line":3,"column":39}},"3":{"start":{"line":4,"column":2},"end":{"line":6,"column":3}},"4":{"start":{"line":5,"column":3},"end":{"line":5,"column":46}},"5":{"start":{"line":7,"column":2},"end":{"line":7,"column":9}}},"fnMap":{"0":{"name":"(anonymous_0)","decl":{"start":{"line":1,"column":17},"end":{"line":1,"column":18}},"loc":{"start":{"line":1,"column":37},"end":{"line":9,"column":1}},"line":1},"1":{"name":"(anonymous_1)","decl":{"start":{"line":2,"column":8},"end":{"line":2,"column":9}},"loc":{"start":{"line":2,"column":33},"end":{"line":8,"column":2}},"line":2}},"branchMap":{"0":{"loc":{"start":{"line":4,"column":2},"end":{"line":6,"column":3}},"type":"if","locations":[{"start":{"line":4,"column":2},"end":{"line":6,"column":3}},{"start":{"line":4,"column":2},"end":{"line":6,"column":3}}],"line":4}},"s":{"0":3,"1":9,"2":0,"3":0,"4":0,"5":0},"f":{"0":9,"1":0},"b":{"0":[0,0]},"_coverageSchema":"43e27e138ebf9cfc5966b082cf9a028302ed4184","hash":"f9e49be17099f11df23801a99021b95ea3fa8ad1"}
,"/home/arun99/Documents/nodejsapps/nodeRandomTests/wellnezv6/api/middleware/validateObjectId.js": {"path":"/home/arun99/Documents/nodejsapps/nodeRandomTests/wellnezv6/api/middleware/validateObjectId.js","statementMap":{"0":{"start":{"line":1,"column":17},"end":{"line":1,"column":36}},"1":{"start":{"line":3,"column":0},"end":{"line":8,"column":2}},"2":{"start":{"line":4,"column":1},"end":{"line":5,"column":57}},"3":{"start":{"line":5,"column":2},"end":{"line":5,"column":57}},"4":{"start":{"line":7,"column":1},"end":{"line":7,"column":8}}},"fnMap":{"0":{"name":"(anonymous_0)","decl":{"start":{"line":3,"column":17},"end":{"line":3,"column":18}},"loc":{"start":{"line":3,"column":42},"end":{"line":8,"column":1}},"line":3}},"branchMap":{"0":{"loc":{"start":{"line":4,"column":1},"end":{"line":5,"column":57}},"type":"if","locations":[{"start":{"line":4,"column":1},"end":{"line":5,"column":57}},{"start":{"line":4,"column":1},"end":{"line":5,"column":57}}],"line":4}},"s":{"0":3,"1":3,"2":0,"3":0,"4":0},"f":{"0":0},"b":{"0":[0,0]},"_coverageSchema":"43e27e138ebf9cfc5966b082cf9a028302ed4184","hash":"bca8048d8c81e0a6ae71565e9f216e79c49fb790"}
,"/home/arun99/Documents/nodejsapps/nodeRandomTests/wellnezv6/api/model/article.js": {"path":"/home/arun99/Documents/nodejsapps/nodeRandomTests/wellnezv6/api/model/article.js","statementMap":{"0":{"start":{"line":1,"column":17},"end":{"line":1,"column":36}},"1":{"start":{"line":2,"column":27},"end":{"line":2,"column":48}},"2":{"start":{"line":3,"column":12},"end":{"line":3,"column":32}},"3":{"start":{"line":5,"column":22},"end":{"line":38,"column":2}},"4":{"start":{"line":41,"column":16},"end":{"line":71,"column":3}},"5":{"start":{"line":73,"column":17},"end":{"line":73,"column":76}},"6":{"start":{"line":75,"column":1},"end":{"line":75,"column":34}},"7":{"start":{"line":78,"column":16},"end":{"line":78,"column":56}},"8":{"start":{"line":80,"column":0},"end":{"line":80,"column":26}},"9":{"start":{"line":81,"column":0},"end":{"line":81,"column":42}}},"fnMap":{"0":{"name":"validateArticle","decl":{"start":{"line":40,"column":9},"end":{"line":40,"column":24}},"loc":{"start":{"line":40,"column":34},"end":{"line":76,"column":1}},"line":40}},"branchMap":{"0":{"loc":{"start":{"line":73,"column":17},"end":{"line":73,"column":76}},"type":"cond-expr","locations":[{"start":{"line":73,"column":42},"end":{"line":73,"column":67}},{"start":{"line":73,"column":70},"end":{"line":73,"column":76}}],"line":73}},"s":{"0":3,"1":3,"2":3,"3":3,"4":0,"5":0,"6":0,"7":3,"8":3,"9":3},"f":{"0":0},"b":{"0":[0,0]},"_coverageSchema":"43e27e138ebf9cfc5966b082cf9a028302ed4184","hash":"7a325968c16e6abacc8c6a165154728600d4fc4f"}
,"/home/arun99/Documents/nodejsapps/nodeRandomTests/wellnezv6/api/model/category.js": {"path":"/home/arun99/Documents/nodejsapps/nodeRandomTests/wellnezv6/api/model/category.js","statementMap":{"0":{"start":{"line":1,"column":17},"end":{"line":1,"column":36}},"1":{"start":{"line":2,"column":12},"end":{"line":2,"column":32}},"2":{"start":{"line":4,"column":23},"end":{"line":18,"column":2}},"3":{"start":{"line":21,"column":16},"end":{"line":36,"column":3}},"4":{"start":{"line":38,"column":17},"end":{"line":40,"column":10}},"5":{"start":{"line":42,"column":1},"end":{"line":42,"column":35}},"6":{"start":{"line":45,"column":17},"end":{"line":45,"column":59}},"7":{"start":{"line":47,"column":0},"end":{"line":47,"column":28}},"8":{"start":{"line":48,"column":0},"end":{"line":48,"column":40}},"9":{"start":{"line":49,"column":0},"end":{"line":49,"column":36}}},"fnMap":{"0":{"name":"validateCategory","decl":{"start":{"line":20,"column":9},"end":{"line":20,"column":25}},"loc":{"start":{"line":20,"column":36},"end":{"line":43,"column":1}},"line":20}},"branchMap":{"0":{"loc":{"start":{"line":38,"column":17},"end":{"line":40,"column":10}},"type":"cond-expr","locations":[{"start":{"line":39,"column":4},"end":{"line":39,"column":29}},{"start":{"line":40,"column":4},"end":{"line":40,"column":10}}],"line":38}},"s":{"0":3,"1":3,"2":3,"3":0,"4":0,"5":0,"6":3,"7":3,"8":3,"9":3},"f":{"0":0},"b":{"0":[0,0]},"_coverageSchema":"43e27e138ebf9cfc5966b082cf9a028302ed4184","hash":"e0dbd274552720582efe7d898f984ee859a6bf1a"}
,"/home/arun99/Documents/nodejsapps/nodeRandomTests/wellnezv6/api/model/user.js": {"path":"/home/arun99/Documents/nodejsapps/nodeRandomTests/wellnezv6/api/model/user.js","statementMap":{"0":{"start":{"line":1,"column":17},"end":{"line":1,"column":36}},"1":{"start":{"line":2,"column":12},"end":{"line":2,"column":35}},"2":{"start":{"line":3,"column":12},"end":{"line":3,"column":32}},"3":{"start":{"line":4,"column":15},"end":{"line":4,"column":32}},"4":{"start":{"line":6,"column":19},"end":{"line":24,"column":2}},"5":{"start":{"line":27,"column":16},"end":{"line":39,"column":3}},"6":{"start":{"line":41,"column":1},"end":{"line":41,"column":30}},"7":{"start":{"line":44,"column":0},"end":{"line":55,"column":2}},"8":{"start":{"line":45,"column":15},"end":{"line":53,"column":2}},"9":{"start":{"line":54,"column":1},"end":{"line":54,"column":14}},"10":{"start":{"line":57,"column":13},"end":{"line":57,"column":47}},"11":{"start":{"line":59,"column":0},"end":{"line":59,"column":20}},"12":{"start":{"line":60,"column":0},"end":{"line":60,"column":36}}},"fnMap":{"0":{"name":"validateUser","decl":{"start":{"line":26,"column":9},"end":{"line":26,"column":21}},"loc":{"start":{"line":26,"column":28},"end":{"line":42,"column":1}},"line":26},"1":{"name":"(anonymous_1)","decl":{"start":{"line":44,"column":39},"end":{"line":44,"column":40}},"loc":{"start":{"line":44,"column":50},"end":{"line":55,"column":1}},"line":44}},"branchMap":{},"s":{"0":3,"1":3,"2":3,"3":3,"4":3,"5":0,"6":0,"7":3,"8":50,"9":50,"10":3,"11":3,"12":3},"f":{"0":0,"1":50},"b":{},"_coverageSchema":"43e27e138ebf9cfc5966b082cf9a028302ed4184","hash":"d1b19ce919e7671d2ea673893e96df4879db0316"}
,"/home/arun99/Documents/nodejsapps/nodeRandomTests/wellnezv6/api/routes/articles.js": {"path":"/home/arun99/Documents/nodejsapps/nodeRandomTests/wellnezv6/api/routes/articles.js","statementMap":{"0":{"start":{"line":1,"column":17},"end":{"line":1,"column":36}},"1":{"start":{"line":2,"column":16},"end":{"line":2,"column":34}},"2":{"start":{"line":3,"column":25},"end":{"line":3,"column":66}},"3":{"start":{"line":4,"column":13},"end":{"line":4,"column":42}},"4":{"start":{"line":5,"column":17},"end":{"line":5,"column":50}},"5":{"start":{"line":6,"column":37},"end":{"line":6,"column":64}},"6":{"start":{"line":7,"column":21},"end":{"line":7,"column":49}},"7":{"start":{"line":8,"column":10},"end":{"line":8,"column":27}},"8":{"start":{"line":10,"column":15},"end":{"line":10,"column":31}},"9":{"start":{"line":12,"column":0},"end":{"line":23,"column":3}},"10":{"start":{"line":13,"column":13},"end":{"line":13,"column":15}},"11":{"start":{"line":14,"column":18},"end":{"line":14,"column":36}},"12":{"start":{"line":15,"column":1},"end":{"line":16,"column":72}},"13":{"start":{"line":16,"column":2},"end":{"line":16,"column":72}},"14":{"start":{"line":18,"column":15},"end":{"line":18,"column":57}},"15":{"start":{"line":20,"column":1},"end":{"line":20,"column":63}},"16":{"start":{"line":20,"column":13},"end":{"line":20,"column":63}},"17":{"start":{"line":22,"column":1},"end":{"line":22,"column":21}},"18":{"start":{"line":25,"column":0},"end":{"line":45,"column":3}},"19":{"start":{"line":26,"column":20},"end":{"line":26,"column":44}},"20":{"start":{"line":27,"column":18},"end":{"line":27,"column":67}},"21":{"start":{"line":29,"column":13},"end":{"line":29,"column":15}},"22":{"start":{"line":30,"column":18},"end":{"line":30,"column":36}},"23":{"start":{"line":31,"column":1},"end":{"line":33,"column":72}},"24":{"start":{"line":33,"column":2},"end":{"line":33,"column":72}},"25":{"start":{"line":35,"column":18},"end":{"line":37,"column":18}},"26":{"start":{"line":39,"column":1},"end":{"line":42,"column":55}},"27":{"start":{"line":40,"column":2},"end":{"line":42,"column":55}},"28":{"start":{"line":44,"column":1},"end":{"line":44,"column":20}},"29":{"start":{"line":47,"column":0},"end":{"line":60,"column":3}},"30":{"start":{"line":50,"column":15},"end":{"line":50,"column":28}},"31":{"start":{"line":52,"column":1},"end":{"line":54,"column":59}},"32":{"start":{"line":53,"column":2},"end":{"line":53,"column":42}},"33":{"start":{"line":54,"column":6},"end":{"line":54,"column":59}},"34":{"start":{"line":56,"column":1},"end":{"line":57,"column":70}},"35":{"start":{"line":57,"column":2},"end":{"line":57,"column":70}},"36":{"start":{"line":59,"column":1},"end":{"line":59,"column":19}},"37":{"start":{"line":62,"column":0},"end":{"line":102,"column":3}},"38":{"start":{"line":63,"column":18},"end":{"line":63,"column":62}},"39":{"start":{"line":64,"column":1},"end":{"line":64,"column":71}},"40":{"start":{"line":64,"column":16},"end":{"line":64,"column":71}},"41":{"start":{"line":66,"column":17},"end":{"line":91,"column":2}},"42":{"start":{"line":93,"column":1},"end":{"line":97,"column":3}},"43":{"start":{"line":99,"column":1},"end":{"line":99,"column":22}},"44":{"start":{"line":101,"column":1},"end":{"line":101,"column":19}},"45":{"start":{"line":104,"column":0},"end":{"line":139,"column":2}},"46":{"start":{"line":108,"column":18},"end":{"line":135,"column":3}},"47":{"start":{"line":137,"column":2},"end":{"line":137,"column":20}},"48":{"start":{"line":141,"column":0},"end":{"line":150,"column":3}},"49":{"start":{"line":142,"column":17},"end":{"line":142,"column":63}},"50":{"start":{"line":144,"column":1},"end":{"line":147,"column":55}},"51":{"start":{"line":145,"column":2},"end":{"line":147,"column":55}},"52":{"start":{"line":149,"column":1},"end":{"line":149,"column":19}},"53":{"start":{"line":152,"column":0},"end":{"line":152,"column":24}}},"fnMap":{"0":{"name":"(anonymous_0)","decl":{"start":{"line":12,"column":21},"end":{"line":12,"column":22}},"loc":{"start":{"line":12,"column":47},"end":{"line":23,"column":1}},"line":12},"1":{"name":"(anonymous_1)","decl":{"start":{"line":25,"column":16},"end":{"line":25,"column":17}},"loc":{"start":{"line":25,"column":42},"end":{"line":45,"column":1}},"line":25},"2":{"name":"(anonymous_2)","decl":{"start":{"line":47,"column":19},"end":{"line":47,"column":20}},"loc":{"start":{"line":47,"column":45},"end":{"line":60,"column":1}},"line":47},"3":{"name":"(anonymous_3)","decl":{"start":{"line":62,"column":52},"end":{"line":62,"column":53}},"loc":{"start":{"line":62,"column":78},"end":{"line":102,"column":1}},"line":62},"4":{"name":"(anonymous_4)","decl":{"start":{"line":107,"column":1},"end":{"line":107,"column":2}},"loc":{"start":{"line":107,"column":27},"end":{"line":138,"column":2}},"line":107},"5":{"name":"(anonymous_5)","decl":{"start":{"line":141,"column":48},"end":{"line":141,"column":49}},"loc":{"start":{"line":141,"column":74},"end":{"line":150,"column":1}},"line":141}},"branchMap":{"0":{"loc":{"start":{"line":15,"column":1},"end":{"line":16,"column":72}},"type":"if","locations":[{"start":{"line":15,"column":1},"end":{"line":16,"column":72}},{"start":{"line":15,"column":1},"end":{"line":16,"column":72}}],"line":15},"1":{"loc":{"start":{"line":20,"column":1},"end":{"line":20,"column":63}},"type":"if","locations":[{"start":{"line":20,"column":1},"end":{"line":20,"column":63}},{"start":{"line":20,"column":1},"end":{"line":20,"column":63}}],"line":20},"2":{"loc":{"start":{"line":27,"column":18},"end":{"line":27,"column":67}},"type":"cond-expr","locations":[{"start":{"line":27,"column":31},"end":{"line":27,"column":55}},{"start":{"line":27,"column":58},"end":{"line":27,"column":67}}],"line":27},"3":{"loc":{"start":{"line":31,"column":1},"end":{"line":33,"column":72}},"type":"if","locations":[{"start":{"line":31,"column":1},"end":{"line":33,"column":72}},{"start":{"line":31,"column":1},"end":{"line":33,"column":72}}],"line":31},"4":{"loc":{"start":{"line":39,"column":1},"end":{"line":42,"column":55}},"type":"if","locations":[{"start":{"line":39,"column":1},"end":{"line":42,"column":55}},{"start":{"line":39,"column":1},"end":{"line":42,"column":55}}],"line":39},"5":{"loc":{"start":{"line":52,"column":1},"end":{"line":54,"column":59}},"type":"if","locations":[{"start":{"line":52,"column":1},"end":{"line":54,"column":59}},{"start":{"line":52,"column":1},"end":{"line":54,"column":59}}],"line":52},"6":{"loc":{"start":{"line":56,"column":1},"end":{"line":57,"column":70}},"type":"if","locations":[{"start":{"line":56,"column":1},"end":{"line":57,"column":70}},{"start":{"line":56,"column":1},"end":{"line":57,"column":70}}],"line":56},"7":{"loc":{"start":{"line":64,"column":1},"end":{"line":64,"column":71}},"type":"if","locations":[{"start":{"line":64,"column":1},"end":{"line":64,"column":71}},{"start":{"line":64,"column":1},"end":{"line":64,"column":71}}],"line":64},"8":{"loc":{"start":{"line":144,"column":1},"end":{"line":147,"column":55}},"type":"if","locations":[{"start":{"line":144,"column":1},"end":{"line":147,"column":55}},{"start":{"line":144,"column":1},"end":{"line":147,"column":55}}],"line":144}},"s":{"0":3,"1":3,"2":3,"3":3,"4":3,"5":3,"6":3,"7":3,"8":3,"9":3,"10":0,"11":0,"12":0,"13":0,"14":0,"15":0,"16":0,"17":0,"18":3,"19":0,"20":0,"21":0,"22":0,"23":0,"24":0,"25":0,"26":0,"27":0,"28":0,"29":3,"30":0,"31":0,"32":0,"33":0,"34":0,"35":0,"36":0,"37":3,"38":0,"39":0,"40":0,"41":0,"42":0,"43":0,"44":0,"45":3,"46":0,"47":0,"48":3,"49":0,"50":0,"51":0,"52":0,"53":3},"f":{"0":0,"1":0,"2":0,"3":0,"4":0,"5":0},"b":{"0":[0,0],"1":[0,0],"2":[0,0],"3":[0,0],"4":[0,0],"5":[0,0],"6":[0,0],"7":[0,0],"8":[0,0]},"_coverageSchema":"43e27e138ebf9cfc5966b082cf9a028302ed4184","hash":"8d646f04d67c0b2d1c8962ded43f95b4b7d48598"}
,"/home/arun99/Documents/nodejsapps/nodeRandomTests/wellnezv6/api/routes/auth.js": {"path":"/home/arun99/Documents/nodejsapps/nodeRandomTests/wellnezv6/api/routes/auth.js","statementMap":{"0":{"start":{"line":1,"column":12},"end":{"line":1,"column":32}},"1":{"start":{"line":2,"column":15},"end":{"line":2,"column":32}},"2":{"start":{"line":3,"column":10},"end":{"line":3,"column":27}},"3":{"start":{"line":4,"column":17},"end":{"line":4,"column":36}},"4":{"start":{"line":5,"column":16},"end":{"line":5,"column":34}},"5":{"start":{"line":6,"column":17},"end":{"line":6,"column":41}},"6":{"start":{"line":7,"column":15},"end":{"line":7,"column":31}},"7":{"start":{"line":9,"column":0},"end":{"line":21,"column":3}},"8":{"start":{"line":10,"column":20},"end":{"line":10,"column":38}},"9":{"start":{"line":11,"column":2},"end":{"line":11,"column":67}},"10":{"start":{"line":11,"column":13},"end":{"line":11,"column":67}},"11":{"start":{"line":13,"column":13},"end":{"line":13,"column":58}},"12":{"start":{"line":14,"column":2},"end":{"line":14,"column":71}},"13":{"start":{"line":14,"column":13},"end":{"line":14,"column":71}},"14":{"start":{"line":16,"column":24},"end":{"line":16,"column":78}},"15":{"start":{"line":17,"column":2},"end":{"line":17,"column":80}},"16":{"start":{"line":17,"column":22},"end":{"line":17,"column":80}},"17":{"start":{"line":19,"column":16},"end":{"line":19,"column":40}},"18":{"start":{"line":20,"column":2},"end":{"line":20,"column":18}},"19":{"start":{"line":24,"column":17},"end":{"line":33,"column":4}},"20":{"start":{"line":35,"column":2},"end":{"line":35,"column":30}},"21":{"start":{"line":38,"column":0},"end":{"line":38,"column":24}}},"fnMap":{"0":{"name":"(anonymous_0)","decl":{"start":{"line":9,"column":17},"end":{"line":9,"column":18}},"loc":{"start":{"line":9,"column":37},"end":{"line":21,"column":1}},"line":9},"1":{"name":"validate","decl":{"start":{"line":23,"column":9},"end":{"line":23,"column":17}},"loc":{"start":{"line":23,"column":23},"end":{"line":36,"column":1}},"line":23}},"branchMap":{"0":{"loc":{"start":{"line":11,"column":2},"end":{"line":11,"column":67}},"type":"if","locations":[{"start":{"line":11,"column":2},"end":{"line":11,"column":67}},{"start":{"line":11,"column":2},"end":{"line":11,"column":67}}],"line":11},"1":{"loc":{"start":{"line":14,"column":2},"end":{"line":14,"column":71}},"type":"if","locations":[{"start":{"line":14,"column":2},"end":{"line":14,"column":71}},{"start":{"line":14,"column":2},"end":{"line":14,"column":71}}],"line":14},"2":{"loc":{"start":{"line":17,"column":2},"end":{"line":17,"column":80}},"type":"if","locations":[{"start":{"line":17,"column":2},"end":{"line":17,"column":80}},{"start":{"line":17,"column":2},"end":{"line":17,"column":80}}],"line":17}},"s":{"0":3,"1":3,"2":3,"3":3,"4":3,"5":3,"6":3,"7":3,"8":0,"9":0,"10":0,"11":0,"12":0,"13":0,"14":0,"15":0,"16":0,"17":0,"18":0,"19":0,"20":0,"21":3},"f":{"0":0,"1":0},"b":{"0":[0,0],"1":[0,0],"2":[0,0]},"_coverageSchema":"43e27e138ebf9cfc5966b082cf9a028302ed4184","hash":"c6cf7aad2bec092cf87060ca4dfed35c8ddbc872"}
,"/home/arun99/Documents/nodejsapps/nodeRandomTests/wellnezv6/api/routes/categories.js": {"path":"/home/arun99/Documents/nodejsapps/nodeRandomTests/wellnezv6/api/routes/categories.js","statementMap":{"0":{"start":{"line":1,"column":17},"end":{"line":1,"column":36}},"1":{"start":{"line":2,"column":16},"end":{"line":2,"column":34}},"2":{"start":{"line":3,"column":15},"end":{"line":3,"column":31}},"3":{"start":{"line":4,"column":13},"end":{"line":4,"column":42}},"4":{"start":{"line":5,"column":31},"end":{"line":5,"column":59}},"5":{"start":{"line":6,"column":10},"end":{"line":6,"column":27}},"6":{"start":{"line":8,"column":0},"end":{"line":12,"column":3}},"7":{"start":{"line":9,"column":20},"end":{"line":9,"column":43}},"8":{"start":{"line":11,"column":1},"end":{"line":11,"column":22}},"9":{"start":{"line":14,"column":0},"end":{"line":25,"column":3}},"10":{"start":{"line":15,"column":19},"end":{"line":15,"column":37}},"11":{"start":{"line":16,"column":1},"end":{"line":16,"column":47}},"12":{"start":{"line":16,"column":12},"end":{"line":16,"column":47}},"13":{"start":{"line":18,"column":18},"end":{"line":20,"column":2}},"14":{"start":{"line":22,"column":1},"end":{"line":22,"column":23}},"15":{"start":{"line":24,"column":1},"end":{"line":24,"column":20}},"16":{"start":{"line":27,"column":0},"end":{"line":44,"column":3}},"17":{"start":{"line":28,"column":19},"end":{"line":28,"column":37}},"18":{"start":{"line":29,"column":1},"end":{"line":29,"column":55}},"19":{"start":{"line":29,"column":12},"end":{"line":29,"column":55}},"20":{"start":{"line":31,"column":20},"end":{"line":41,"column":2}},"21":{"start":{"line":43,"column":1},"end":{"line":43,"column":22}},"22":{"start":{"line":46,"column":0},"end":{"line":53,"column":3}},"23":{"start":{"line":47,"column":1},"end":{"line":48,"column":44}},"24":{"start":{"line":48,"column":2},"end":{"line":48,"column":44}},"25":{"start":{"line":50,"column":20},"end":{"line":50,"column":67}},"26":{"start":{"line":52,"column":1},"end":{"line":52,"column":22}},"27":{"start":{"line":55,"column":0},"end":{"line":67,"column":3}},"28":{"start":{"line":56,"column":1},"end":{"line":57,"column":44}},"29":{"start":{"line":57,"column":2},"end":{"line":57,"column":44}},"30":{"start":{"line":59,"column":18},"end":{"line":59,"column":56}},"31":{"start":{"line":61,"column":1},"end":{"line":64,"column":54}},"32":{"start":{"line":62,"column":2},"end":{"line":64,"column":54}},"33":{"start":{"line":66,"column":1},"end":{"line":66,"column":20}},"34":{"start":{"line":69,"column":0},"end":{"line":69,"column":24}}},"fnMap":{"0":{"name":"(anonymous_0)","decl":{"start":{"line":8,"column":16},"end":{"line":8,"column":17}},"loc":{"start":{"line":8,"column":42},"end":{"line":12,"column":1}},"line":8},"1":{"name":"(anonymous_1)","decl":{"start":{"line":14,"column":23},"end":{"line":14,"column":24}},"loc":{"start":{"line":14,"column":49},"end":{"line":25,"column":1}},"line":14},"2":{"name":"(anonymous_2)","decl":{"start":{"line":27,"column":25},"end":{"line":27,"column":26}},"loc":{"start":{"line":27,"column":51},"end":{"line":44,"column":1}},"line":27},"3":{"name":"(anonymous_3)","decl":{"start":{"line":46,"column":22},"end":{"line":46,"column":23}},"loc":{"start":{"line":46,"column":48},"end":{"line":53,"column":1}},"line":46},"4":{"name":"(anonymous_4)","decl":{"start":{"line":55,"column":19},"end":{"line":55,"column":20}},"loc":{"start":{"line":55,"column":45},"end":{"line":67,"column":1}},"line":55}},"branchMap":{"0":{"loc":{"start":{"line":16,"column":1},"end":{"line":16,"column":47}},"type":"if","locations":[{"start":{"line":16,"column":1},"end":{"line":16,"column":47}},{"start":{"line":16,"column":1},"end":{"line":16,"column":47}}],"line":16},"1":{"loc":{"start":{"line":29,"column":1},"end":{"line":29,"column":55}},"type":"if","locations":[{"start":{"line":29,"column":1},"end":{"line":29,"column":55}},{"start":{"line":29,"column":1},"end":{"line":29,"column":55}}],"line":29},"2":{"loc":{"start":{"line":47,"column":1},"end":{"line":48,"column":44}},"type":"if","locations":[{"start":{"line":47,"column":1},"end":{"line":48,"column":44}},{"start":{"line":47,"column":1},"end":{"line":48,"column":44}}],"line":47},"3":{"loc":{"start":{"line":56,"column":1},"end":{"line":57,"column":44}},"type":"if","locations":[{"start":{"line":56,"column":1},"end":{"line":57,"column":44}},{"start":{"line":56,"column":1},"end":{"line":57,"column":44}}],"line":56},"4":{"loc":{"start":{"line":61,"column":1},"end":{"line":64,"column":54}},"type":"if","locations":[{"start":{"line":61,"column":1},"end":{"line":64,"column":54}},{"start":{"line":61,"column":1},"end":{"line":64,"column":54}}],"line":61}},"s":{"0":3,"1":3,"2":3,"3":3,"4":3,"5":3,"6":3,"7":0,"8":0,"9":3,"10":0,"11":0,"12":0,"13":0,"14":0,"15":0,"16":3,"17":0,"18":0,"19":0,"20":0,"21":0,"22":3,"23":0,"24":0,"25":0,"26":0,"27":3,"28":0,"29":0,"30":0,"31":0,"32":0,"33":0,"34":3},"f":{"0":0,"1":0,"2":0,"3":0,"4":0},"b":{"0":[0,0],"1":[0,0],"2":[0,0],"3":[0,0],"4":[0,0]},"_coverageSchema":"43e27e138ebf9cfc5966b082cf9a028302ed4184","hash":"bfa261baf2a281c525bada4eabc5d20bf96f215e"}
,"/home/arun99/Documents/nodejsapps/nodeRandomTests/wellnezv6/api/routes/image.js": {"path":"/home/arun99/Documents/nodejsapps/nodeRandomTests/wellnezv6/api/routes/image.js","statementMap":{"0":{"start":{"line":1,"column":16},"end":{"line":1,"column":34}},"1":{"start":{"line":2,"column":15},"end":{"line":2,"column":31}},"2":{"start":{"line":4,"column":20},"end":{"line":4,"column":56}},"3":{"start":{"line":6,"column":0},"end":{"line":9,"column":3}},"4":{"start":{"line":7,"column":1},"end":{"line":7,"column":47}},"5":{"start":{"line":8,"column":1},"end":{"line":8,"column":26}},"6":{"start":{"line":11,"column":0},"end":{"line":11,"column":24}}},"fnMap":{"0":{"name":"(anonymous_0)","decl":{"start":{"line":6,"column":30},"end":{"line":6,"column":31}},"loc":{"start":{"line":6,"column":50},"end":{"line":9,"column":1}},"line":6}},"branchMap":{},"s":{"0":3,"1":3,"2":3,"3":0,"4":0,"5":0,"6":0},"f":{"0":0},"b":{},"_coverageSchema":"43e27e138ebf9cfc5966b082cf9a028302ed4184","hash":"a3334ebdaf6d36bf743353912489e69610c9e83f"}
,"/home/arun99/Documents/nodejsapps/nodeRandomTests/wellnezv6/api/routes/relatedArticles.js": {"path":"/home/arun99/Documents/nodejsapps/nodeRandomTests/wellnezv6/api/routes/relatedArticles.js","statementMap":{"0":{"start":{"line":1,"column":16},"end":{"line":1,"column":34}},"1":{"start":{"line":2,"column":21},"end":{"line":2,"column":49}},"2":{"start":{"line":3,"column":20},"end":{"line":3,"column":47}},"3":{"start":{"line":5,"column":15},"end":{"line":5,"column":31}},"4":{"start":{"line":7,"column":0},"end":{"line":40,"column":3}},"5":{"start":{"line":8,"column":18},"end":{"line":8,"column":64}},"6":{"start":{"line":9,"column":1},"end":{"line":27,"column":2}},"7":{"start":{"line":11,"column":2},"end":{"line":11,"column":20}},"8":{"start":{"line":14,"column":2},"end":{"line":26,"column":3}},"9":{"start":{"line":16,"column":3},"end":{"line":19,"column":5}},"10":{"start":{"line":22,"column":3},"end":{"line":25,"column":5}},"11":{"start":{"line":29,"column":1},"end":{"line":32,"column":55}},"12":{"start":{"line":30,"column":2},"end":{"line":32,"column":55}},"13":{"start":{"line":34,"column":22},"end":{"line":34,"column":68}},"14":{"start":{"line":34,"column":65},"end":{"line":34,"column":67}},"15":{"start":{"line":35,"column":18},"end":{"line":37,"column":3}},"16":{"start":{"line":39,"column":1},"end":{"line":39,"column":20}},"17":{"start":{"line":42,"column":0},"end":{"line":42,"column":24}}},"fnMap":{"0":{"name":"(anonymous_0)","decl":{"start":{"line":7,"column":19},"end":{"line":7,"column":20}},"loc":{"start":{"line":7,"column":45},"end":{"line":40,"column":1}},"line":7},"1":{"name":"(anonymous_1)","decl":{"start":{"line":34,"column":58},"end":{"line":34,"column":59}},"loc":{"start":{"line":34,"column":65},"end":{"line":34,"column":67}},"line":34}},"branchMap":{"0":{"loc":{"start":{"line":9,"column":1},"end":{"line":27,"column":2}},"type":"if","locations":[{"start":{"line":9,"column":1},"end":{"line":27,"column":2}},{"start":{"line":9,"column":1},"end":{"line":27,"column":2}}],"line":9},"1":{"loc":{"start":{"line":14,"column":2},"end":{"line":26,"column":3}},"type":"if","locations":[{"start":{"line":14,"column":2},"end":{"line":26,"column":3}},{"start":{"line":14,"column":2},"end":{"line":26,"column":3}}],"line":14},"2":{"loc":{"start":{"line":29,"column":1},"end":{"line":32,"column":55}},"type":"if","locations":[{"start":{"line":29,"column":1},"end":{"line":32,"column":55}},{"start":{"line":29,"column":1},"end":{"line":32,"column":55}}],"line":29}},"s":{"0":3,"1":3,"2":3,"3":3,"4":3,"5":0,"6":0,"7":0,"8":0,"9":0,"10":0,"11":0,"12":0,"13":0,"14":0,"15":0,"16":0,"17":3},"f":{"0":0,"1":0},"b":{"0":[0,0],"1":[0,0],"2":[0,0]},"_coverageSchema":"43e27e138ebf9cfc5966b082cf9a028302ed4184","hash":"58764f43ca6bee01012b0c1d058bd3e086da15e6"}
,"/home/arun99/Documents/nodejsapps/nodeRandomTests/wellnezv6/api/routes/users.js": {"path":"/home/arun99/Documents/nodejsapps/nodeRandomTests/wellnezv6/api/routes/users.js","statementMap":{"0":{"start":{"line":1,"column":17},"end":{"line":1,"column":36}},"1":{"start":{"line":2,"column":16},"end":{"line":2,"column":34}},"2":{"start":{"line":3,"column":15},"end":{"line":3,"column":32}},"3":{"start":{"line":4,"column":10},"end":{"line":4,"column":27}},"4":{"start":{"line":5,"column":13},"end":{"line":5,"column":42}},"5":{"start":{"line":6,"column":17},"end":{"line":6,"column":50}},"6":{"start":{"line":7,"column":31},"end":{"line":7,"column":55}},"7":{"start":{"line":8,"column":15},"end":{"line":8,"column":31}},"8":{"start":{"line":10,"column":0},"end":{"line":13,"column":3}},"9":{"start":{"line":11,"column":14},"end":{"line":11,"column":67}},"10":{"start":{"line":12,"column":1},"end":{"line":12,"column":16}},"11":{"start":{"line":14,"column":0},"end":{"line":30,"column":3}},"12":{"start":{"line":15,"column":12},"end":{"line":15,"column":57}},"13":{"start":{"line":16,"column":1},"end":{"line":17,"column":69}},"14":{"start":{"line":17,"column":2},"end":{"line":17,"column":69}},"15":{"start":{"line":19,"column":1},"end":{"line":19,"column":66}},"16":{"start":{"line":21,"column":14},"end":{"line":21,"column":38}},"17":{"start":{"line":22,"column":1},"end":{"line":22,"column":56}},"18":{"start":{"line":23,"column":1},"end":{"line":23,"column":19}},"19":{"start":{"line":25,"column":15},"end":{"line":25,"column":39}},"20":{"start":{"line":26,"column":1},"end":{"line":28,"column":3}},"21":{"start":{"line":32,"column":0},"end":{"line":32,"column":24}}},"fnMap":{"0":{"name":"(anonymous_0)","decl":{"start":{"line":10,"column":24},"end":{"line":10,"column":25}},"loc":{"start":{"line":10,"column":50},"end":{"line":13,"column":1}},"line":10},"1":{"name":"(anonymous_1)","decl":{"start":{"line":14,"column":41},"end":{"line":14,"column":42}},"loc":{"start":{"line":14,"column":67},"end":{"line":30,"column":1}},"line":14}},"branchMap":{"0":{"loc":{"start":{"line":16,"column":1},"end":{"line":17,"column":69}},"type":"if","locations":[{"start":{"line":16,"column":1},"end":{"line":17,"column":69}},{"start":{"line":16,"column":1},"end":{"line":17,"column":69}}],"line":16}},"s":{"0":3,"1":3,"2":3,"3":3,"4":3,"5":3,"6":3,"7":3,"8":3,"9":0,"10":0,"11":3,"12":0,"13":0,"14":0,"15":0,"16":0,"17":0,"18":0,"19":0,"20":0,"21":3},"f":{"0":0,"1":0},"b":{"0":[0,0]},"_coverageSchema":"43e27e138ebf9cfc5966b082cf9a028302ed4184","hash":"867729d120bd4e538bd8eccd78dcd46c9f11494d"}
,"/home/arun99/Documents/nodejsapps/nodeRandomTests/wellnezv6/api/startup/cors.js": {"path":"/home/arun99/Documents/nodejsapps/nodeRandomTests/wellnezv6/api/startup/cors.js","statementMap":{"0":{"start":{"line":1,"column":13},"end":{"line":1,"column":28}},"1":{"start":{"line":3,"column":0},"end":{"line":5,"column":2}},"2":{"start":{"line":4,"column":1},"end":{"line":4,"column":17}}},"fnMap":{"0":{"name":"(anonymous_0)","decl":{"start":{"line":3,"column":17},"end":{"line":3,"column":18}},"loc":{"start":{"line":3,"column":26},"end":{"line":5,"column":1}},"line":3}},"branchMap":{},"s":{"0":3,"1":3,"2":3},"f":{"0":3},"b":{},"_coverageSchema":"43e27e138ebf9cfc5966b082cf9a028302ed4184","hash":"a1d939f9337dff5ecba87cf0eeb0a72c61cff35a"}
,"/home/arun99/Documents/nodejsapps/nodeRandomTests/wellnezv6/api/startup/db.js": {"path":"/home/arun99/Documents/nodejsapps/nodeRandomTests/wellnezv6/api/startup/db.js","statementMap":{"0":{"start":{"line":1,"column":17},"end":{"line":1,"column":36}},"1":{"start":{"line":2,"column":16},"end":{"line":2,"column":34}},"2":{"start":{"line":5,"column":0},"end":{"line":23,"column":2}},"3":{"start":{"line":8,"column":10},"end":{"line":8,"column":42}},"4":{"start":{"line":9,"column":1},"end":{"line":10,"column":45}},"5":{"start":{"line":10,"column":2},"end":{"line":10,"column":45}},"6":{"start":{"line":12,"column":1},"end":{"line":18,"column":35}},"7":{"start":{"line":17,"column":14},"end":{"line":17,"column":56}},"8":{"start":{"line":18,"column":17},"end":{"line":18,"column":33}},"9":{"start":{"line":22,"column":1},"end":{"line":22,"column":38}}},"fnMap":{"0":{"name":"(anonymous_0)","decl":{"start":{"line":5,"column":17},"end":{"line":5,"column":18}},"loc":{"start":{"line":5,"column":26},"end":{"line":23,"column":1}},"line":5},"1":{"name":"(anonymous_1)","decl":{"start":{"line":17,"column":8},"end":{"line":17,"column":9}},"loc":{"start":{"line":17,"column":14},"end":{"line":17,"column":56}},"line":17},"2":{"name":"(anonymous_2)","decl":{"start":{"line":18,"column":9},"end":{"line":18,"column":10}},"loc":{"start":{"line":18,"column":17},"end":{"line":18,"column":33}},"line":18}},"branchMap":{"0":{"loc":{"start":{"line":9,"column":1},"end":{"line":10,"column":45}},"type":"if","locations":[{"start":{"line":9,"column":1},"end":{"line":10,"column":45}},{"start":{"line":9,"column":1},"end":{"line":10,"column":45}}],"line":9}},"s":{"0":3,"1":3,"2":3,"3":3,"4":3,"5":3,"6":3,"7":3,"8":0,"9":3},"f":{"0":3,"1":3,"2":0},"b":{"0":[3,0]},"_coverageSchema":"43e27e138ebf9cfc5966b082cf9a028302ed4184","hash":"3c6568f429db3da7144abb862152ab619d1d9045"}
,"/home/arun99/Documents/nodejsapps/nodeRandomTests/wellnezv6/api/startup/logging.js": {"path":"/home/arun99/Documents/nodejsapps/nodeRandomTests/wellnezv6/api/startup/logging.js","statementMap":{"0":{"start":{"line":1,"column":16},"end":{"line":1,"column":34}},"1":{"start":{"line":3,"column":0},"end":{"line":15,"column":2}},"2":{"start":{"line":4,"column":1},"end":{"line":6,"column":4}},"3":{"start":{"line":7,"column":1},"end":{"line":10,"column":3}},"4":{"start":{"line":12,"column":1},"end":{"line":14,"column":4}},"5":{"start":{"line":13,"column":2},"end":{"line":13,"column":11}}},"fnMap":{"0":{"name":"(anonymous_0)","decl":{"start":{"line":3,"column":17},"end":{"line":3,"column":18}},"loc":{"start":{"line":3,"column":23},"end":{"line":15,"column":1}},"line":3},"1":{"name":"(anonymous_1)","decl":{"start":{"line":12,"column":34},"end":{"line":12,"column":35}},"loc":{"start":{"line":12,"column":42},"end":{"line":14,"column":2}},"line":12}},"branchMap":{},"s":{"0":3,"1":3,"2":3,"3":3,"4":3,"5":0},"f":{"0":3,"1":0},"b":{},"_coverageSchema":"43e27e138ebf9cfc5966b082cf9a028302ed4184","hash":"bf739361f158b880ca1384f7168a155a7d0f9b4e"}
,"/home/arun99/Documents/nodejsapps/nodeRandomTests/wellnezv6/api/startup/routes.js": {"path":"/home/arun99/Documents/nodejsapps/nodeRandomTests/wellnezv6/api/startup/routes.js","statementMap":{"0":{"start":{"line":1,"column":16},"end":{"line":1,"column":34}},"1":{"start":{"line":2,"column":19},"end":{"line":2,"column":50}},"2":{"start":{"line":3,"column":17},"end":{"line":3,"column":46}},"3":{"start":{"line":4,"column":24},"end":{"line":4,"column":60}},"4":{"start":{"line":5,"column":14},"end":{"line":5,"column":40}},"5":{"start":{"line":6,"column":13},"end":{"line":6,"column":38}},"6":{"start":{"line":7,"column":14},"end":{"line":7,"column":40}},"7":{"start":{"line":8,"column":14},"end":{"line":8,"column":44}},"8":{"start":{"line":10,"column":0},"end":{"line":21,"column":2}},"9":{"start":{"line":11,"column":1},"end":{"line":11,"column":25}},"10":{"start":{"line":13,"column":1},"end":{"line":13,"column":46}},"11":{"start":{"line":14,"column":1},"end":{"line":14,"column":40}},"12":{"start":{"line":15,"column":1},"end":{"line":15,"column":36}},"13":{"start":{"line":16,"column":1},"end":{"line":16,"column":51}},"14":{"start":{"line":17,"column":1},"end":{"line":17,"column":30}},"15":{"start":{"line":18,"column":1},"end":{"line":18,"column":28}},"16":{"start":{"line":19,"column":1},"end":{"line":19,"column":30}},"17":{"start":{"line":20,"column":1},"end":{"line":20,"column":16}}},"fnMap":{"0":{"name":"(anonymous_0)","decl":{"start":{"line":10,"column":17},"end":{"line":10,"column":18}},"loc":{"start":{"line":10,"column":26},"end":{"line":21,"column":1}},"line":10}},"branchMap":{},"s":{"0":3,"1":3,"2":3,"3":3,"4":3,"5":3,"6":3,"7":0,"8":0,"9":0,"10":0,"11":0,"12":0,"13":0,"14":0,"15":0,"16":0,"17":0},"f":{"0":0},"b":{},"_coverageSchema":"43e27e138ebf9cfc5966b082cf9a028302ed4184","hash":"00f9e1743deccfb8b850f517a26beb7d8f102eec"}
,"/home/arun99/Documents/nodejsapps/nodeRandomTests/wellnezv6/api/startup/validate.js": {"path":"/home/arun99/Documents/nodejsapps/nodeRandomTests/wellnezv6/api/startup/validate.js","statementMap":{"0":{"start":{"line":1,"column":12},"end":{"line":1,"column":32}},"1":{"start":{"line":3,"column":0},"end":{"line":5,"column":2}},"2":{"start":{"line":4,"column":1},"end":{"line":4,"column":45}}},"fnMap":{"0":{"name":"(anonymous_0)","decl":{"start":{"line":3,"column":17},"end":{"line":3,"column":18}},"loc":{"start":{"line":3,"column":28},"end":{"line":5,"column":1}},"line":3}},"branchMap":{},"s":{"0":3,"1":3,"2":3},"f":{"0":3},"b":{},"_coverageSchema":"43e27e138ebf9cfc5966b082cf9a028302ed4184","hash":"ad35d388066b80a56f2e15a246d34ec374417228"}
}
