TN:
SF:/home/arun99/Documents/nodejsapps/nodeRandomTests/wellnezv6/api/index.js
FN:14,(anonymous_0)
FNF:1
FNH:0
FNDA:0,(anonymous_0)
DA:1,3
DA:2,3
DA:3,3
DA:4,3
DA:5,3
DA:7,3
DA:8,3
DA:9,3
DA:10,3
DA:11,3
DA:13,0
DA:14,0
DA:15,0
DA:18,0
LF:14
LH:10
BRDA:13,0,0,0
BRDA:13,0,1,0
BRF:2
BRH:0
end_of_record
TN:
SF:/home/arun99/Documents/nodejsapps/nodeRandomTests/wellnezv6/api/middleware/auth.js
FN:4,auth
FNF:1
FNH:0
FNDA:0,auth
DA:1,3
DA:2,3
DA:5,0
DA:6,0
DA:7,0
DA:9,0
DA:10,0
DA:11,0
DA:12,0
DA:14,0
DA:18,3
LF:11
LH:3
BRDA:6,0,0,0
BRDA:6,0,1,0
BRF:2
BRH:0
end_of_record
TN:
SF:/home/arun99/Documents/nodejsapps/nodeRandomTests/wellnezv6/api/middleware/uploadImage.js
FN:8,(anonymous_0)
FN:10,(anonymous_1)
FN:31,uploadImg
FN:41,fileFilter
FN:57,destination
FN:67,filename
FNF:6
FNH:0
FNDA:0,(anonymous_0)
FNDA:0,(anonymous_1)
FNDA:0,uploadImg
FNDA:0,fileFilter
FNDA:0,destination
FNDA:0,filename
DA:1,3
DA:2,3
DA:3,3
DA:5,3
DA:6,0
DA:8,0
DA:9,0
DA:10,0
DA:11,0
DA:13,0
DA:16,0
DA:18,0
DA:22,0
DA:25,0
DA:26,0
DA:32,0
DA:37,0
DA:38,0
DA:42,0
DA:47,0
DA:49,0
DA:58,0
DA:60,0
DA:61,0
DA:64,0
DA:68,0
DA:69,0
DA:70,0
DA:72,0
DA:74,0
LF:30
LH:4
BRDA:11,0,0,0
BRDA:11,0,1,0
BRDA:16,1,0,0
BRDA:16,1,1,0
BRDA:42,2,0,0
BRDA:42,2,1,0
BRDA:43,3,0,0
BRDA:43,3,1,0
BRDA:43,3,2,0
BRDA:60,4,0,0
BRDA:60,4,1,0
BRF:11
BRH:0
end_of_record
TN:
SF:/home/arun99/Documents/nodejsapps/nodeRandomTests/wellnezv6/api/middleware/validate.js
FN:1,(anonymous_0)
FN:2,(anonymous_1)
FNF:2
FNH:1
FNDA:9,(anonymous_0)
FNDA:0,(anonymous_1)
DA:1,3
DA:2,9
DA:3,0
DA:4,0
DA:5,0
DA:7,0
LF:6
LH:2
BRDA:4,0,0,0
BRDA:4,0,1,0
BRF:2
BRH:0
end_of_record
TN:
SF:/home/arun99/Documents/nodejsapps/nodeRandomTests/wellnezv6/api/middleware/validateObjectId.js
FN:3,(anonymous_0)
FNF:1
FNH:0
FNDA:0,(anonymous_0)
DA:1,3
DA:3,3
DA:4,0
DA:5,0
DA:7,0
LF:5
LH:2
BRDA:4,0,0,0
BRDA:4,0,1,0
BRF:2
BRH:0
end_of_record
TN:
SF:/home/arun99/Documents/nodejsapps/nodeRandomTests/wellnezv6/api/model/article.js
FN:40,validateArticle
FNF:1
FNH:0
FNDA:0,validateArticle
DA:1,3
DA:2,3
DA:3,3
DA:5,3
DA:41,0
DA:73,0
DA:75,0
DA:78,3
DA:80,3
DA:81,3
LF:10
LH:7
BRDA:73,0,0,0
BRDA:73,0,1,0
BRF:2
BRH:0
end_of_record
TN:
SF:/home/arun99/Documents/nodejsapps/nodeRandomTests/wellnezv6/api/model/category.js
FN:20,validateCategory
FNF:1
FNH:0
FNDA:0,validateCategory
DA:1,3
DA:2,3
DA:4,3
DA:21,0
DA:38,0
DA:42,0
DA:45,3
DA:47,3
DA:48,3
DA:49,3
LF:10
LH:7
BRDA:38,0,0,0
BRDA:38,0,1,0
BRF:2
BRH:0
end_of_record
TN:
SF:/home/arun99/Documents/nodejsapps/nodeRandomTests/wellnezv6/api/model/user.js
FN:26,validateUser
FN:44,(anonymous_1)
FNF:2
FNH:1
FNDA:0,validateUser
FNDA:50,(anonymous_1)
DA:1,3
DA:2,3
DA:3,3
DA:4,3
DA:6,3
DA:27,0
DA:41,0
DA:44,3
DA:45,50
DA:54,50
DA:57,3
DA:59,3
DA:60,3
LF:13
LH:11
BRF:0
BRH:0
end_of_record
TN:
SF:/home/arun99/Documents/nodejsapps/nodeRandomTests/wellnezv6/api/routes/articles.js
FN:12,(anonymous_0)
FN:25,(anonymous_1)
FN:47,(anonymous_2)
FN:62,(anonymous_3)
FN:107,(anonymous_4)
FN:141,(anonymous_5)
FNF:6
FNH:0
FNDA:0,(anonymous_0)
FNDA:0,(anonymous_1)
FNDA:0,(anonymous_2)
FNDA:0,(anonymous_3)
FNDA:0,(anonymous_4)
FNDA:0,(anonymous_5)
DA:1,3
DA:2,3
DA:3,3
DA:4,3
DA:5,3
DA:6,3
DA:7,3
DA:8,3
DA:10,3
DA:12,3
DA:13,0
DA:14,0
DA:15,0
DA:16,0
DA:18,0
DA:20,0
DA:22,0
DA:25,3
DA:26,0
DA:27,0
DA:29,0
DA:30,0
DA:31,0
DA:33,0
DA:35,0
DA:39,0
DA:40,0
DA:44,0
DA:47,3
DA:50,0
DA:52,0
DA:53,0
DA:54,0
DA:56,0
DA:57,0
DA:59,0
DA:62,3
DA:63,0
DA:64,0
DA:66,0
DA:93,0
DA:99,0
DA:101,0
DA:104,3
DA:108,0
DA:137,0
DA:141,3
DA:142,0
DA:144,0
DA:145,0
DA:149,0
DA:152,3
LF:52
LH:16
BRDA:15,0,0,0
BRDA:15,0,1,0
BRDA:20,1,0,0
BRDA:20,1,1,0
BRDA:27,2,0,0
BRDA:27,2,1,0
BRDA:31,3,0,0
BRDA:31,3,1,0
BRDA:39,4,0,0
BRDA:39,4,1,0
BRDA:52,5,0,0
BRDA:52,5,1,0
BRDA:56,6,0,0
BRDA:56,6,1,0
BRDA:64,7,0,0
BRDA:64,7,1,0
BRDA:144,8,0,0
BRDA:144,8,1,0
BRF:18
BRH:0
end_of_record
TN:
SF:/home/arun99/Documents/nodejsapps/nodeRandomTests/wellnezv6/api/routes/auth.js
FN:9,(anonymous_0)
FN:23,validate
FNF:2
FNH:0
FNDA:0,(anonymous_0)
FNDA:0,validate
DA:1,3
DA:2,3
DA:3,3
DA:4,3
DA:5,3
DA:6,3
DA:7,3
DA:9,3
DA:10,0
DA:11,0
DA:13,0
DA:14,0
DA:16,0
DA:17,0
DA:19,0
DA:20,0
DA:24,0
DA:35,0
DA:38,3
LF:19
LH:9
BRDA:11,0,0,0
BRDA:11,0,1,0
BRDA:14,1,0,0
BRDA:14,1,1,0
BRDA:17,2,0,0
BRDA:17,2,1,0
BRF:6
BRH:0
end_of_record
TN:
SF:/home/arun99/Documents/nodejsapps/nodeRandomTests/wellnezv6/api/routes/categories.js
FN:8,(anonymous_0)
FN:14,(anonymous_1)
FN:27,(anonymous_2)
FN:46,(anonymous_3)
FN:55,(anonymous_4)
FNF:5
FNH:0
FNDA:0,(anonymous_0)
FNDA:0,(anonymous_1)
FNDA:0,(anonymous_2)
FNDA:0,(anonymous_3)
FNDA:0,(anonymous_4)
DA:1,3
DA:2,3
DA:3,3
DA:4,3
DA:5,3
DA:6,3
DA:8,3
DA:9,0
DA:11,0
DA:14,3
DA:15,0
DA:16,0
DA:18,0
DA:22,0
DA:24,0
DA:27,3
DA:28,0
DA:29,0
DA:31,0
DA:43,0
DA:46,3
DA:47,0
DA:48,0
DA:50,0
DA:52,0
DA:55,3
DA:56,0
DA:57,0
DA:59,0
DA:61,0
DA:62,0
DA:66,0
DA:69,3
LF:33
LH:12
BRDA:16,0,0,0
BRDA:16,0,1,0
BRDA:29,1,0,0
BRDA:29,1,1,0
BRDA:47,2,0,0
BRDA:47,2,1,0
BRDA:56,3,0,0
BRDA:56,3,1,0
BRDA:61,4,0,0
BRDA:61,4,1,0
BRF:10
BRH:0
end_of_record
TN:
SF:/home/arun99/Documents/nodejsapps/nodeRandomTests/wellnezv6/api/routes/image.js
FN:6,(anonymous_0)
FNF:1
FNH:0
FNDA:0,(anonymous_0)
DA:1,3
DA:2,3
DA:4,3
DA:6,0
DA:7,0
DA:8,0
DA:11,0
LF:7
LH:3
BRF:0
BRH:0
end_of_record
TN:
SF:/home/arun99/Documents/nodejsapps/nodeRandomTests/wellnezv6/api/routes/relatedArticles.js
FN:7,(anonymous_0)
FN:34,(anonymous_1)
FNF:2
FNH:0
FNDA:0,(anonymous_0)
FNDA:0,(anonymous_1)
DA:1,3
DA:2,3
DA:3,3
DA:5,3
DA:7,3
DA:8,0
DA:9,0
DA:11,0
DA:14,0
DA:16,0
DA:22,0
DA:29,0
DA:30,0
DA:34,0
DA:35,0
DA:39,0
DA:42,3
LF:17
LH:6
BRDA:9,0,0,0
BRDA:9,0,1,0
BRDA:14,1,0,0
BRDA:14,1,1,0
BRDA:29,2,0,0
BRDA:29,2,1,0
BRF:6
BRH:0
end_of_record
TN:
SF:/home/arun99/Documents/nodejsapps/nodeRandomTests/wellnezv6/api/routes/users.js
FN:10,(anonymous_0)
FN:14,(anonymous_1)
FNF:2
FNH:0
FNDA:0,(anonymous_0)
FNDA:0,(anonymous_1)
DA:1,3
DA:2,3
DA:3,3
DA:4,3
DA:5,3
DA:6,3
DA:7,3
DA:8,3
DA:10,3
DA:11,0
DA:12,0
DA:14,3
DA:15,0
DA:16,0
DA:17,0
DA:19,0
DA:21,0
DA:22,0
DA:23,0
DA:25,0
DA:26,0
DA:32,3
LF:22
LH:11
BRDA:16,0,0,0
BRDA:16,0,1,0
BRF:2
BRH:0
end_of_record
TN:
SF:/home/arun99/Documents/nodejsapps/nodeRandomTests/wellnezv6/api/startup/cors.js
FN:3,(anonymous_0)
FNF:1
FNH:1
FNDA:3,(anonymous_0)
DA:1,3
DA:3,3
DA:4,3
LF:3
LH:3
BRF:0
BRH:0
end_of_record
TN:
SF:/home/arun99/Documents/nodejsapps/nodeRandomTests/wellnezv6/api/startup/db.js
FN:5,(anonymous_0)
FN:17,(anonymous_1)
FN:18,(anonymous_2)
FNF:3
FNH:2
FNDA:3,(anonymous_0)
FNDA:3,(anonymous_1)
FNDA:0,(anonymous_2)
DA:1,3
DA:2,3
DA:5,3
DA:8,3
DA:9,3
DA:10,3
DA:12,3
DA:17,3
DA:18,0
DA:22,3
LF:10
LH:9
BRDA:9,0,0,3
BRDA:9,0,1,0
BRF:2
BRH:1
end_of_record
TN:
SF:/home/arun99/Documents/nodejsapps/nodeRandomTests/wellnezv6/api/startup/logging.js
FN:3,(anonymous_0)
FN:12,(anonymous_1)
FNF:2
FNH:1
FNDA:3,(anonymous_0)
FNDA:0,(anonymous_1)
DA:1,3
DA:3,3
DA:4,3
DA:7,3
DA:12,3
DA:13,0
LF:6
LH:5
BRF:0
BRH:0
end_of_record
TN:
SF:/home/arun99/Documents/nodejsapps/nodeRandomTests/wellnezv6/api/startup/routes.js
FN:10,(anonymous_0)
FNF:1
FNH:0
FNDA:0,(anonymous_0)
DA:1,3
DA:2,3
DA:3,3
DA:4,3
DA:5,3
DA:6,3
DA:7,3
DA:8,0
DA:10,0
DA:11,0
DA:13,0
DA:14,0
DA:15,0
DA:16,0
DA:17,0
DA:18,0
DA:19,0
DA:20,0
LF:18
LH:7
BRF:0
BRH:0
end_of_record
TN:
SF:/home/arun99/Documents/nodejsapps/nodeRandomTests/wellnezv6/api/startup/validate.js
FN:3,(anonymous_0)
FNF:1
FNH:1
FNDA:3,(anonymous_0)
DA:1,3
DA:3,3
DA:4,3
LF:3
LH:3
BRF:0
BRH:0
end_of_record
