TN:
SF:/home/arun99/Documents/nodejsapps/nodeRandomTests/wellnezmongoapi/index.js
FN:13,(anonymous_0)
FNF:1
FNH:1
FNDA:3,(anonymous_0)
DA:1,3
DA:2,3
DA:3,3
DA:4,3
DA:5,3
DA:7,3
DA:8,3
DA:9,3
DA:10,3
DA:12,3
DA:13,3
DA:14,3
DA:17,3
LF:13
LH:13
BRDA:12,0,0,3
BRDA:12,0,1,3
BRF:2
BRH:2
end_of_record
TN:
SF:/home/arun99/Documents/nodejsapps/nodeRandomTests/wellnezmongoapi/middleware/auth.js
FN:4,auth
FNF:1
FNH:1
FNDA:50,auth
DA:1,3
DA:2,3
DA:5,50
DA:6,50
DA:7,3
DA:9,47
DA:10,47
DA:11,45
DA:12,45
DA:14,2
DA:18,3
LF:11
LH:11
BRDA:6,0,0,3
BRDA:6,0,1,47
BRF:2
BRH:2
end_of_record
TN:
SF:/home/arun99/Documents/nodejsapps/nodeRandomTests/wellnezmongoapi/middleware/validate.js
FN:1,(anonymous_0)
FN:2,(anonymous_1)
FNF:2
FNH:2
FNDA:9,(anonymous_0)
FNDA:39,(anonymous_1)
DA:1,3
DA:2,9
DA:3,39
DA:4,39
DA:5,8
LF:5
LH:5
BRDA:4,0,0,31
BRDA:4,0,1,8
BRF:2
BRH:2
end_of_record
TN:
SF:/home/arun99/Documents/nodejsapps/nodeRandomTests/wellnezmongoapi/middleware/validateObjectId.js
FN:3,(anonymous_0)
FNF:1
FNH:1
FNDA:9,(anonymous_0)
DA:1,3
DA:3,3
DA:4,9
DA:5,2
DA:7,7
LF:5
LH:5
BRDA:4,0,0,2
BRDA:4,0,1,7
BRF:2
BRH:2
end_of_record
TN:
SF:/home/arun99/Documents/nodejsapps/nodeRandomTests/wellnezmongoapi/model/article.js
FN:40,validateArticle
FNF:1
FNH:1
FNDA:28,validateArticle
DA:1,3
DA:2,3
DA:3,3
DA:5,3
DA:41,28
DA:73,28
DA:75,28
DA:78,3
DA:80,3
DA:81,3
LF:10
LH:10
BRDA:73,0,0,0
BRDA:73,0,1,28
BRF:2
BRH:1
end_of_record
TN:
SF:/home/arun99/Documents/nodejsapps/nodeRandomTests/wellnezmongoapi/model/category.js
FN:19,validateCategory
FNF:1
FNH:1
FNDA:12,validateCategory
DA:1,3
DA:2,3
DA:4,3
DA:20,12
DA:34,12
DA:38,12
DA:41,3
DA:43,3
DA:44,3
DA:45,3
LF:10
LH:10
BRDA:34,0,0,0
BRDA:34,0,1,12
BRF:2
BRH:1
end_of_record
TN:
SF:/home/arun99/Documents/nodejsapps/nodeRandomTests/wellnezmongoapi/model/user.js
FN:26,validateUser
FN:44,(anonymous_1)
FNF:2
FNH:2
FNDA:11,validateUser
FNDA:52,(anonymous_1)
DA:1,3
DA:2,3
DA:3,3
DA:4,3
DA:6,3
DA:27,11
DA:41,11
DA:44,3
DA:45,52
DA:49,52
DA:52,3
DA:54,3
DA:55,3
LF:13
LH:13
BRF:0
BRH:0
end_of_record
TN:
SF:/home/arun99/Documents/nodejsapps/nodeRandomTests/wellnezmongoapi/routes/articles.js
FN:11,(anonymous_0)
FN:17,(anonymous_1)
FN:64,(anonymous_2)
FN:100,(anonymous_3)
FN:109,(anonymous_4)
FNF:5
FNH:5
FNDA:1,(anonymous_0)
FNDA:3,(anonymous_1)
FNDA:2,(anonymous_2)
FNDA:2,(anonymous_3)
FNDA:3,(anonymous_4)
DA:1,3
DA:2,3
DA:3,3
DA:4,3
DA:5,3
DA:6,3
DA:7,3
DA:8,3
DA:9,3
DA:11,3
DA:12,1
DA:14,1
DA:17,3
DA:18,3
DA:19,3
DA:21,2
DA:50,2
DA:56,2
DA:58,2
DA:61,3
DA:65,2
DA:96,2
DA:100,3
DA:101,2
DA:103,2
DA:104,1
DA:106,1
DA:109,3
DA:110,3
DA:112,3
DA:113,1
DA:117,2
DA:120,3
LF:33
LH:33
BRDA:19,0,0,1
BRDA:19,0,1,2
BRDA:103,1,0,1
BRDA:103,1,1,1
BRDA:112,2,0,1
BRDA:112,2,1,2
BRF:6
BRH:6
end_of_record
TN:
SF:/home/arun99/Documents/nodejsapps/nodeRandomTests/wellnezmongoapi/routes/categories.js
FN:8,(anonymous_0)
FN:14,(anonymous_1)
FN:27,(anonymous_2)
FN:46,(anonymous_3)
FN:55,(anonymous_4)
FNF:5
FNH:5
FNDA:1,(anonymous_0)
FNDA:6,(anonymous_1)
FNDA:6,(anonymous_2)
FNDA:3,(anonymous_3)
FNDA:3,(anonymous_4)
DA:1,3
DA:2,3
DA:3,3
DA:4,3
DA:5,3
DA:6,3
DA:8,3
DA:9,1
DA:11,1
DA:14,3
DA:15,6
DA:16,6
DA:18,2
DA:22,2
DA:24,2
DA:27,3
DA:28,6
DA:29,6
DA:31,2
DA:43,2
DA:46,3
DA:47,3
DA:48,1
DA:50,2
DA:52,2
DA:55,3
DA:56,3
DA:57,1
DA:59,2
DA:61,2
DA:62,1
DA:66,1
DA:69,3
LF:33
LH:33
BRDA:16,0,0,4
BRDA:16,0,1,2
BRDA:29,1,0,4
BRDA:29,1,1,2
BRDA:47,2,0,1
BRDA:47,2,1,2
BRDA:56,3,0,1
BRDA:56,3,1,2
BRDA:61,4,0,1
BRDA:61,4,1,1
BRF:10
BRH:10
end_of_record
TN:
SF:/home/arun99/Documents/nodejsapps/nodeRandomTests/wellnezmongoapi/routes/users.js
FN:10,(anonymous_0)
FN:14,(anonymous_1)
FNF:2
FNH:2
FNDA:1,(anonymous_0)
FNDA:3,(anonymous_1)
DA:1,3
DA:2,3
DA:3,3
DA:4,3
DA:5,3
DA:6,3
DA:7,3
DA:8,3
DA:10,3
DA:11,1
DA:12,1
DA:14,3
DA:15,3
DA:16,3
DA:17,1
DA:19,2
DA:21,2
DA:22,2
DA:23,2
DA:25,2
DA:26,2
DA:32,3
LF:22
LH:22
BRDA:16,0,0,1
BRDA:16,0,1,2
BRF:2
BRH:2
end_of_record
TN:
SF:/home/arun99/Documents/nodejsapps/nodeRandomTests/wellnezmongoapi/startup/db.js
FN:5,(anonymous_0)
FN:17,(anonymous_1)
FN:18,(anonymous_2)
FNF:3
FNH:2
FNDA:3,(anonymous_0)
FNDA:3,(anonymous_1)
FNDA:0,(anonymous_2)
DA:1,3
DA:2,3
DA:5,3
DA:8,3
DA:9,3
DA:10,3
DA:12,3
DA:17,3
DA:18,0
DA:22,3
LF:10
LH:9
BRDA:9,0,0,3
BRDA:9,0,1,0
BRF:2
BRH:1
end_of_record
TN:
SF:/home/arun99/Documents/nodejsapps/nodeRandomTests/wellnezmongoapi/startup/logging.js
FN:3,(anonymous_0)
FN:12,(anonymous_1)
FNF:2
FNH:1
FNDA:3,(anonymous_0)
FNDA:0,(anonymous_1)
DA:1,3
DA:3,3
DA:4,3
DA:7,3
DA:12,3
DA:13,0
LF:6
LH:5
BRF:0
BRH:0
end_of_record
TN:
SF:/home/arun99/Documents/nodejsapps/nodeRandomTests/wellnezmongoapi/startup/routes.js
FN:6,(anonymous_0)
FNF:1
FNH:1
FNDA:3,(anonymous_0)
DA:1,3
DA:2,3
DA:3,3
DA:4,3
DA:6,3
DA:7,3
DA:9,3
DA:10,3
DA:11,3
LF:9
LH:9
BRF:0
BRH:0
end_of_record
TN:
SF:/home/arun99/Documents/nodejsapps/nodeRandomTests/wellnezmongoapi/startup/validate.js
FN:3,(anonymous_0)
FNF:1
FNH:1
FNDA:3,(anonymous_0)
DA:1,3
DA:3,3
DA:4,3
LF:3
LH:3
BRF:0
BRH:0
end_of_record
